,number,value,datetime_start,datetime_complete,duration,params_alpha,params_colsample_bytree,params_lambda,params_learning_rate,params_max_depth,params_min_child_weight,params_n_estimators,params_subsample,state
376,376,0.7727272727272727,2021-04-13 17:43:12.013724,2021-04-13 17:43:13.915187,0 days 00:00:01.901463,0.06452026957244823,1.0,0.04147773431655447,0.02,11,1,3000,0.8,COMPLETE
377,377,0.7679999999999999,2021-04-13 17:43:13.916186,2021-04-13 17:43:20.190952,0 days 00:00:06.274766,0.1386985250088138,0.5,0.01286030830869369,0.016,11,19,3000,0.8,COMPLETE
378,378,0.7910447761194029,2021-04-13 17:43:20.192954,2021-04-13 17:43:22.783331,0 days 00:00:02.590377,0.09248002385847104,0.5,0.010818964020709988,0.016,11,1,3000,0.8,COMPLETE
379,379,0.7741935483870968,2021-04-13 17:43:22.785417,2021-04-13 17:43:24.580346,0 days 00:00:01.794929,0.10687597719129534,0.5,0.0032567218741741386,0.016,4,7,3000,0.8,COMPLETE
380,380,0.7407407407407408,2021-04-13 17:43:24.582348,2021-04-13 17:43:26.919379,0 days 00:00:02.337031,0.11929407664749901,0.5,0.019918979836329165,0.016,11,28,3000,0.8,COMPLETE
381,381,0.7751937984496124,2021-04-13 17:43:26.920380,2021-04-13 17:43:28.618099,0 days 00:00:01.697719,0.1638413364941652,0.5,0.007230625124883941,0.016,11,13,3000,0.8,COMPLETE
382,382,0.8,2021-04-13 17:43:28.619100,2021-04-13 17:43:30.110182,0 days 00:00:01.491082,0.1536402935458345,0.8,0.008249770485590054,0.016,9,1,200,0.8,COMPLETE
383,383,0.761904761904762,2021-04-13 17:43:30.112184,2021-04-13 17:43:33.450060,0 days 00:00:03.337876,0.1799562059678651,0.5,0.023911650561749744,0.009,11,7,3000,0.7,COMPLETE
384,384,0.785185185185185,2021-04-13 17:43:33.451060,2021-04-13 17:43:36.634020,0 days 00:00:03.182960,0.08482637583274452,0.5,0.016263356724390464,0.016,11,1,3000,0.8,COMPLETE
385,385,0.7580645161290324,2021-04-13 17:43:36.635101,2021-04-13 17:43:39.536538,0 days 00:00:02.901437,0.1239296143891768,0.5,0.03010878472609405,0.02,11,14,3000,0.8,COMPLETE
386,386,0.7910447761194029,2021-04-13 17:43:39.537538,2021-04-13 17:43:42.964257,0 days 00:00:03.426719,0.2161010524860679,0.5,0.009239152341348708,0.014,11,1,3000,0.8,COMPLETE
387,387,0.7679999999999999,2021-04-13 17:43:42.965258,2021-04-13 17:43:45.745000,0 days 00:00:02.779742,0.30781948842216106,0.5,0.05581058413646194,0.02,11,7,3000,1.0,COMPLETE
388,388,0.0,2021-04-13 17:43:45.746999,2021-04-13 17:43:46.757784,0 days 00:00:01.010785,0.2239410775199632,0.5,0.07635143347725092,0.01,11,127,3000,0.8,COMPLETE
389,389,0.785185185185185,2021-04-13 17:43:46.758785,2021-04-13 17:43:50.048373,0 days 00:00:03.289588,0.17144175721295624,0.5,0.014461831606015853,0.016,11,1,3000,0.8,COMPLETE
390,390,0.7716535433070866,2021-04-13 17:43:50.049373,2021-04-13 17:43:51.624168,0 days 00:00:01.574795,0.04642222363173853,0.5,0.06448538343741972,0.016,15,11,3000,0.8,COMPLETE
391,391,0.7555555555555555,2021-04-13 17:43:51.625259,2021-04-13 17:43:53.723080,0 days 00:00:02.097821,0.10466431393143143,0.5,0.0054524356871707485,0.016,11,22,3000,0.8,COMPLETE
392,392,0.7479674796747967,2021-04-13 17:43:53.724080,2021-04-13 17:43:55.521704,0 days 00:00:01.797624,0.07601358591530721,0.5,0.044851845422471844,0.02,11,7,3000,0.8,COMPLETE
393,393,0.8,2021-04-13 17:43:55.523706,2021-04-13 17:43:58.238223,0 days 00:00:02.714517,0.11031429796878672,0.5,0.03141896017062926,0.016,11,1,3000,0.8,COMPLETE
394,394,0.7839999999999999,2021-04-13 17:43:58.239224,2021-04-13 17:44:03.250818,0 days 00:00:05.011594,0.33048880687393073,0.5,0.02767043531494707,0.016,11,17,3000,0.8,COMPLETE
395,395,0.7656250000000001,2021-04-13 17:44:03.251819,2021-04-13 17:44:03.763099,0 days 00:00:00.511280,0.13517067657436993,0.5,0.03274746814390928,0.016,11,6,150,0.8,COMPLETE
396,396,0.7910447761194029,2021-04-13 17:44:03.765101,2021-04-13 17:44:06.948648,0 days 00:00:03.183547,0.03644194937497171,0.5,0.012018331559771762,0.016,11,1,3000,0.8,COMPLETE
397,397,0.7580645161290324,2021-04-13 17:44:06.949649,2021-04-13 17:44:08.345857,0 days 00:00:01.396208,0.26460946379899325,0.7,0.05610413467339973,0.016,11,12,3000,0.8,COMPLETE
398,398,0.7669172932330827,2021-04-13 17:44:08.346858,2021-04-13 17:44:11.825911,0 days 00:00:03.479053,0.08214371433650401,0.5,0.04749788445016936,0.01,11,1,3000,0.8,COMPLETE
399,399,0.7941176470588236,2021-04-13 17:44:11.827913,2021-04-13 17:44:14.905716,0 days 00:00:03.077803,0.05589980637050561,0.5,0.05758482036779082,0.016,11,1,3000,0.8,COMPLETE
400,400,0.7540983606557377,2021-04-13 17:44:14.907718,2021-04-13 17:44:16.653039,0 days 00:00:01.745321,0.18749923063007992,0.5,0.035699927130151986,0.02,5,7,3000,0.8,COMPLETE
401,401,0.7679999999999999,2021-04-13 17:44:16.655129,2021-04-13 17:44:18.478281,0 days 00:00:01.823152,0.07641596188139074,0.5,0.042734976888210416,0.02,17,11,3000,0.8,COMPLETE
402,402,0.7910447761194029,2021-04-13 17:44:18.480283,2021-04-13 17:44:20.589892,0 days 00:00:02.109609,0.14470902127901247,0.9,0.012796936855323114,0.016,11,1,3000,0.8,COMPLETE
403,403,0.7603305785123966,2021-04-13 17:44:20.591894,2021-04-13 17:44:25.849414,0 days 00:00:05.257520,0.23168035627638173,0.5,0.08284850604993738,0.02,11,16,3000,0.8,COMPLETE
404,404,0.7479674796747967,2021-04-13 17:44:25.850415,2021-04-13 17:44:27.749462,0 days 00:00:01.899047,0.11621679664214404,0.5,0.015625090975984843,0.016,11,6,3000,0.8,COMPLETE
405,405,0.7941176470588236,2021-04-13 17:44:27.751464,2021-04-13 17:44:29.483983,0 days 00:00:01.732519,0.17355533742770007,0.8,0.008329433196327759,0.012,15,1,200,0.8,COMPLETE
406,406,0.7603305785123966,2021-04-13 17:44:29.486056,2021-04-13 17:44:30.197726,0 days 00:00:00.711670,0.1358103509867522,0.8,0.02509571808031573,0.016,9,7,200,0.8,COMPLETE
407,407,0.7679999999999999,2021-04-13 17:44:30.198727,2021-04-13 17:44:31.602167,0 days 00:00:01.403440,0.09652110490425733,0.5,0.03614613551845205,0.02,13,10,3000,0.8,COMPLETE
408,408,0.0,2021-04-13 17:44:31.603168,2021-04-13 17:44:31.850054,0 days 00:00:00.246886,0.09876653159431986,0.5,0.1123038237258205,0.016,11,170,3000,0.8,COMPLETE
409,409,0.8,2021-04-13 17:44:31.851055,2021-04-13 17:44:33.311097,0 days 00:00:01.460042,0.09525256503176746,0.8,0.018905810966573556,0.016,9,1,200,0.7,COMPLETE
410,410,0.7407407407407408,2021-04-13 17:44:33.312098,2021-04-13 17:44:33.842914,0 days 00:00:00.530816,0.22154203990754995,0.8,0.007188071449581503,0.02,9,23,200,0.7,COMPLETE
411,411,0.7666666666666666,2021-04-13 17:44:33.843915,2021-04-13 17:44:36.423651,0 days 00:00:02.579736,0.15490375970859543,0.8,0.029347756105134827,0.02,4,16,3000,0.8,COMPLETE
412,412,0.7479674796747967,2021-04-13 17:44:36.424748,2021-04-13 17:44:38.309081,0 days 00:00:01.884333,0.0740109318339986,0.5,0.02052867636564168,0.016,11,6,3000,0.8,COMPLETE
413,413,0.0,2021-04-13 17:44:38.311083,2021-04-13 17:44:38.751882,0 days 00:00:00.440799,0.20030459654153138,0.8,0.04021544578703465,0.014,11,120,200,0.8,COMPLETE
414,414,0.8,2021-04-13 17:44:38.752883,2021-04-13 17:44:40.188491,0 days 00:00:01.435608,0.058602408793100635,0.8,0.04827148154433425,0.02,9,1,200,0.7,COMPLETE
415,415,0.7642276422764227,2021-04-13 17:44:40.190492,2021-04-13 17:44:40.786196,0 days 00:00:00.595704,0.10530123903808043,0.8,0.0293566418916739,0.02,9,12,200,0.8,COMPLETE
416,416,0.7941176470588236,2021-04-13 17:44:40.787197,2021-04-13 17:44:44.940186,0 days 00:00:04.152989,0.15090941486179676,0.5,0.01203860163681448,0.01,11,1,3000,0.8,COMPLETE
417,417,0.7804878048780488,2021-04-13 17:44:44.941187,2021-04-13 17:44:46.817044,0 days 00:00:01.875857,0.13061207707565486,0.5,0.022314306996928213,0.016,11,7,3000,0.8,COMPLETE
418,418,0.8,2021-04-13 17:44:46.818044,2021-04-13 17:44:48.301216,0 days 00:00:01.483172,0.0487106171897909,0.8,0.02435033099142787,0.016,9,1,200,0.7,COMPLETE
419,419,0.787878787878788,2021-04-13 17:44:48.303218,2021-04-13 17:44:49.942638,0 days 00:00:01.639420,0.03951538386889156,1.0,0.02533508739355503,0.016,9,1,200,0.7,COMPLETE
420,420,0.7540983606557377,2021-04-13 17:44:49.943639,2021-04-13 17:44:57.423034,0 days 00:00:07.479395,0.056708755178431505,0.5,0.10236075372534999,0.016,9,11,3000,1.0,COMPLETE
421,421,0.8,2021-04-13 17:44:57.425036,2021-04-13 17:44:59.464067,0 days 00:00:02.039031,0.10967972922396509,0.8,0.050659840076841635,0.016,9,1,3000,0.7,COMPLETE
422,422,0.7603305785123966,2021-04-13 17:44:59.465148,2021-04-13 17:45:06.691275,0 days 00:00:07.226127,0.13020378966621224,0.5,0.013856598660776922,0.016,11,19,3000,0.8,COMPLETE
423,423,0.7540983606557377,2021-04-13 17:45:06.694277,2021-04-13 17:45:07.315727,0 days 00:00:00.621450,0.08691201638967587,0.8,0.03615188455461021,0.016,9,6,150,0.8,COMPLETE
424,424,0.7910447761194029,2021-04-13 17:45:07.317729,2021-04-13 17:45:10.010598,0 days 00:00:02.692869,0.17578552312669568,0.5,0.008375205230985588,0.018,11,1,3000,0.8,COMPLETE
425,425,0.7580645161290324,2021-04-13 17:45:10.011599,2021-04-13 17:45:15.108185,0 days 00:00:05.096586,0.14589736855986776,0.5,0.0178769494566196,0.016,11,13,3000,0.8,COMPLETE
426,426,0.7580645161290324,2021-04-13 17:45:15.110187,2021-04-13 17:45:16.027062,0 days 00:00:00.916875,0.11498200484173339,0.5,0.0304852844703767,0.02,11,6,300,0.8,COMPLETE
427,427,0.8,2021-04-13 17:45:16.029063,2021-04-13 17:45:18.695942,0 days 00:00:02.666879,0.11584571668280523,0.5,0.01648351985653649,0.016,11,1,3000,0.8,COMPLETE
428,428,0.761904761904762,2021-04-13 17:45:18.696943,2021-04-13 17:45:21.819813,0 days 00:00:03.122870,0.16871806701948167,0.5,0.010394776990752523,0.009,11,10,3000,0.8,COMPLETE
429,429,0.7874015748031497,2021-04-13 17:45:21.820813,2021-04-13 17:45:22.516505,0 days 00:00:00.695692,0.24860014200328856,0.5,0.006348564910748433,0.01,15,6,200,0.8,COMPLETE
430,430,0.7603305785123966,2021-04-13 17:45:22.517506,2021-04-13 17:45:29.818120,0 days 00:00:07.300614,0.1512946094481626,0.5,0.019759202311055168,0.016,11,16,3000,0.8,COMPLETE
431,431,0.7407407407407408,2021-04-13 17:45:29.820123,2021-04-13 17:45:32.430613,0 days 00:00:02.610490,0.06972921947143595,0.5,0.07276996959070459,0.016,11,34,3000,0.7,COMPLETE
432,432,0.7910447761194029,2021-04-13 17:45:32.431614,2021-04-13 17:45:34.665892,0 days 00:00:02.234278,0.09843236280301938,0.7,0.017892886001897507,0.016,11,1,3000,0.7,COMPLETE
433,433,0.7540983606557377,2021-04-13 17:45:34.667894,2021-04-13 17:45:36.518203,0 days 00:00:01.850309,0.20444609785801496,0.5,0.002114324042185347,0.02,11,7,3000,0.8,COMPLETE
434,434,0.785185185185185,2021-04-13 17:45:36.520205,2021-04-13 17:45:38.562863,0 days 00:00:02.042658,0.12203043360197348,0.5,0.04359409167411943,0.016,5,1,3000,0.8,COMPLETE
435,435,0.8059701492537313,2021-04-13 17:45:38.563864,2021-04-13 17:45:40.125777,0 days 00:00:01.561913,0.04400715818938001,0.8,0.022879103639225153,0.016,9,1,200,0.8,COMPLETE
436,436,0.7540983606557377,2021-04-13 17:45:40.126778,2021-04-13 17:45:40.780854,0 days 00:00:00.654076,0.040253399516866926,0.8,0.05782024487040347,0.016,9,11,200,0.8,COMPLETE
437,437,0.7407407407407408,2021-04-13 17:45:40.781854,2021-04-13 17:45:41.326791,0 days 00:00:00.544937,0.02438845460183977,0.8,0.023312298522901825,0.012,9,25,200,0.8,COMPLETE
438,438,0.8059701492537313,2021-04-13 17:45:41.328792,2021-04-13 17:45:42.794413,0 days 00:00:01.465621,0.03812126353667184,0.8,0.014949084864660858,0.02,9,1,200,0.7,COMPLETE
439,439,0.7407407407407408,2021-04-13 17:45:42.796415,2021-04-13 17:45:43.388473,0 days 00:00:00.592058,0.03482282702511891,0.8,0.023661357999944354,0.02,9,18,200,0.8,COMPLETE
440,440,0.7751937984496124,2021-04-13 17:45:43.389473,2021-04-13 17:45:43.990657,0 days 00:00:00.601184,0.03344587013091584,0.5,0.03660595146904142,0.02,9,7,200,0.7,COMPLETE
441,441,0.8059701492537313,2021-04-13 17:45:43.991658,2021-04-13 17:45:45.926357,0 days 00:00:01.934699,0.02887541158962432,0.8,0.01389859523262252,0.016,17,1,200,0.8,COMPLETE
442,442,0.7540983606557377,2021-04-13 17:45:45.927358,2021-04-13 17:45:46.587226,0 days 00:00:00.659868,0.020095793088514897,0.8,0.013824311987012046,0.016,9,12,200,0.8,COMPLETE
443,443,0.0,2021-04-13 17:45:46.588227,2021-04-13 17:45:46.885836,0 days 00:00:00.297609,0.02586101137503819,0.8,0.019047053797966198,0.016,17,226,150,0.7,COMPLETE
444,444,0.7941176470588236,2021-04-13 17:45:46.887838,2021-04-13 17:45:48.668438,0 days 00:00:01.780600,0.03593653856766844,0.8,0.02534955441810187,0.016,17,1,200,0.7,COMPLETE
445,445,0.7603305785123966,2021-04-13 17:45:48.669439,2021-04-13 17:45:49.436164,0 days 00:00:00.766725,0.030175303598625084,0.8,0.07148619244297005,0.008,9,6,200,0.7,COMPLETE
446,446,0.7941176470588236,2021-04-13 17:45:49.438165,2021-04-13 17:45:51.389650,0 days 00:00:01.951485,0.027767735378067586,0.8,0.03295447140639593,0.01,13,1,200,0.8,COMPLETE
447,447,0.7462686567164178,2021-04-13 17:45:51.390651,2021-04-13 17:45:52.148159,0 days 00:00:00.757508,0.028149658141595046,0.8,0.015889928721719942,0.016,17,15,200,0.8,COMPLETE
448,448,0.7603305785123966,2021-04-13 17:45:52.149160,2021-04-13 17:45:52.828577,0 days 00:00:00.679417,0.04100230405669642,0.8,0.04941666161193145,0.02,9,7,200,0.7,COMPLETE
449,449,0.7580645161290324,2021-04-13 17:45:52.830578,2021-04-13 17:45:53.723352,0 days 00:00:00.892774,0.029715078528356843,0.8,0.027765873701098655,0.016,17,6,200,0.8,COMPLETE
450,450,0.7647058823529411,2021-04-13 17:45:53.724353,2021-04-13 17:45:55.781221,0 days 00:00:02.056868,0.019675207127180305,1.0,0.09024522121903046,0.016,15,1,200,1.0,COMPLETE
451,451,0.7768595041322315,2021-04-13 17:45:55.782222,2021-04-13 17:45:56.522394,0 days 00:00:00.740172,0.38062469822940653,0.8,0.009803210196127345,0.016,17,13,200,0.8,COMPLETE
452,452,0.7761194029850746,2021-04-13 17:45:56.524395,2021-04-13 17:45:57.806051,0 days 00:00:01.281656,0.040296550850280194,0.5,0.06821675185778388,0.016,11,1,200,0.8,COMPLETE
453,453,0.7596899224806202,2021-04-13 17:45:57.807052,2021-04-13 17:45:58.535794,0 days 00:00:00.728742,0.047802994054575554,0.5,0.01383065241395674,0.016,17,10,200,0.8,COMPLETE
454,454,0.7407407407407408,2021-04-13 17:45:58.537796,2021-04-13 17:45:59.083546,0 days 00:00:00.545750,0.013803526051371588,0.8,0.022305292662910477,0.016,9,21,200,0.7,COMPLETE
455,455,0.8,2021-04-13 17:45:59.084645,2021-04-13 17:46:00.529230,0 days 00:00:01.444585,0.0422373080613317,0.8,0.022966707077093213,0.018,9,1,200,0.7,COMPLETE
456,456,0.7580645161290324,2021-04-13 17:46:00.530231,2021-04-13 17:46:01.634474,0 days 00:00:01.104243,0.16060565297021914,0.5,0.014660757163452203,0.02,17,6,300,0.8,COMPLETE
457,457,0.7804878048780488,2021-04-13 17:46:01.636475,2021-04-13 17:46:02.246219,0 days 00:00:00.609744,0.046225628276682716,0.8,0.04024278418433207,0.02,9,12,200,0.7,COMPLETE
458,458,0.8,2021-04-13 17:46:02.247221,2021-04-13 17:46:03.781787,0 days 00:00:01.534566,0.043098782067559425,0.8,0.06327909065979921,0.018,9,1,200,0.7,COMPLETE
459,459,0.8,2021-04-13 17:46:03.782787,2021-04-13 17:46:05.268796,0 days 00:00:01.486009,0.03213002718751625,0.8,0.01309999344749108,0.018,9,1,200,0.7,COMPLETE
460,460,0.0,2021-04-13 17:46:05.269797,2021-04-13 17:46:05.526591,0 days 00:00:00.256794,0.02522552356626651,0.5,0.01116073274969719,0.016,4,149,3000,0.8,COMPLETE
461,461,0.7603305785123966,2021-04-13 17:46:05.527592,2021-04-13 17:46:06.307728,0 days 00:00:00.780136,0.05382553676340697,0.8,0.03000632148155561,0.009,9,6,200,0.7,COMPLETE
462,462,0.7407407407407408,2021-04-13 17:46:06.309730,2021-04-13 17:46:06.881201,0 days 00:00:00.571471,0.06662350969117503,0.8,0.020000439220117464,0.02,9,17,200,0.7,COMPLETE
463,463,0.8059701492537313,2021-04-13 17:46:06.882202,2021-04-13 17:46:08.378573,0 days 00:00:01.496371,0.034820694187275604,0.8,0.016790177743824488,0.016,9,1,200,0.7,COMPLETE
464,464,0.7642276422764227,2021-04-13 17:46:08.379574,2021-04-13 17:46:08.991162,0 days 00:00:00.611588,0.023059243832558654,0.8,0.027356238273216697,0.018,9,10,200,0.7,COMPLETE
465,465,0.752,2021-04-13 17:46:08.993164,2021-04-13 17:46:09.944235,0 days 00:00:00.951071,0.029747266787410718,0.9,0.016334473214369552,0.016,17,6,200,0.8,COMPLETE
466,466,0.7540983606557377,2021-04-13 17:46:09.945315,2021-04-13 17:46:10.688449,0 days 00:00:00.743134,0.020391190405729082,0.8,0.01670677391365964,0.016,9,6,200,0.7,COMPLETE
467,467,0.7462686567164178,2021-04-13 17:46:10.690452,2021-04-13 17:46:11.270514,0 days 00:00:00.580062,0.03443377671168518,0.8,0.011707071342599922,0.016,9,15,200,0.8,COMPLETE
468,468,0.7969924812030075,2021-04-13 17:46:11.271515,2021-04-13 17:46:12.645124,0 days 00:00:01.373609,0.3334032369690614,0.8,0.004774322196277155,0.014,9,1,200,0.7,COMPLETE
469,469,0.7761194029850746,2021-04-13 17:46:12.646123,2021-04-13 17:46:16.113598,0 days 00:00:03.467475,1.587306720383129,0.7,0.009417711866767976,0.016,15,1,3000,0.8,COMPLETE
470,470,0.7969924812030075,2021-04-13 17:46:16.114709,2021-04-13 17:46:17.716594,0 days 00:00:01.601885,0.0010290407075545448,0.8,0.01030963211794155,0.016,9,1,200,0.8,COMPLETE
471,471,0.7540983606557377,2021-04-13 17:46:17.718596,2021-04-13 17:46:18.356143,0 days 00:00:00.637547,0.08601825233672643,0.8,0.0345650382114256,0.016,9,11,200,0.8,COMPLETE
472,472,0.7407407407407408,2021-04-13 17:46:18.358145,2021-04-13 17:46:18.895462,0 days 00:00:00.537317,0.05471971633616566,0.8,0.021262065422257198,0.016,9,21,200,0.7,COMPLETE
473,473,0.7603305785123966,2021-04-13 17:46:18.896461,2021-04-13 17:46:19.873768,0 days 00:00:00.977307,0.2035522751274495,0.9,0.027342196450416304,0.02,11,7,3000,0.8,COMPLETE
474,474,0.8059701492537313,2021-04-13 17:46:19.874855,2021-04-13 17:46:21.388374,0 days 00:00:01.513519,0.03542525968259376,0.8,0.01956798578427795,0.016,9,1,200,0.7,COMPLETE
475,475,0.8,2021-04-13 17:46:21.390376,2021-04-13 17:46:22.910811,0 days 00:00:01.520435,0.03467958494031493,0.8,0.0810038575677446,0.016,9,1,200,0.7,COMPLETE
476,476,0.7642276422764227,2021-04-13 17:46:22.911812,2021-04-13 17:46:23.532617,0 days 00:00:00.620805,0.023056667964390768,0.8,0.007824196300010161,0.018,9,11,200,0.7,COMPLETE
477,477,0.8030303030303031,2021-04-13 17:46:23.534665,2021-04-13 17:46:25.106459,0 days 00:00:01.571794,0.04554596518604679,0.8,0.02426558486901759,0.01,9,1,200,0.7,COMPLETE
478,478,0.8,2021-04-13 17:46:25.108461,2021-04-13 17:46:26.590057,0 days 00:00:01.481596,0.04471391297074951,0.8,0.051068099266970986,0.018,9,1,200,0.7,COMPLETE
479,479,0.0,2021-04-13 17:46:26.592059,2021-04-13 17:46:26.846122,0 days 00:00:00.254063,0.03301049669788433,0.8,0.013831737227122528,0.016,9,273,200,0.7,COMPLETE
480,480,0.0,2021-04-13 17:46:26.848124,2021-04-13 17:46:27.090082,0 days 00:00:00.241958,0.03814194859066768,0.8,0.023457460781203483,0.018,9,197,200,0.7,COMPLETE
481,481,0.7407407407407408,2021-04-13 17:46:27.091083,2021-04-13 17:46:27.610949,0 days 00:00:00.519866,0.04196209411653207,0.8,0.02736763119721075,0.01,9,28,200,0.7,COMPLETE
482,482,0.7407407407407408,2021-04-13 17:46:27.611951,2021-04-13 17:46:28.185184,0 days 00:00:00.573233,0.017552984560988256,0.8,0.016660536684933995,0.016,5,16,200,0.7,COMPLETE
483,483,0.7603305785123966,2021-04-13 17:46:28.186183,2021-04-13 17:46:28.883621,0 days 00:00:00.697438,0.04777287154916848,0.8,0.022036578579309875,0.02,9,7,200,0.7,COMPLETE
484,484,0.8059701492537313,2021-04-13 17:46:28.884718,2021-04-13 17:46:30.385726,0 days 00:00:01.501008,0.03157269236011768,0.8,0.016926332401883595,0.016,9,1,200,0.7,COMPLETE
485,485,0.7603305785123966,2021-04-13 17:46:30.387728,2021-04-13 17:46:31.121847,0 days 00:00:00.734119,0.02474025447148319,0.8,0.018529464456316456,0.012,9,7,200,0.7,COMPLETE
486,486,0.7704918032786885,2021-04-13 17:46:31.123848,2021-04-13 17:46:31.728720,0 days 00:00:00.604872,0.027608833321048368,0.8,0.036240257994206174,0.016,9,11,200,0.7,COMPLETE
487,487,0.8059701492537313,2021-04-13 17:46:31.730722,2021-04-13 17:46:33.236970,0 days 00:00:01.506248,0.031294472174812744,0.8,0.011880057608593618,0.016,9,1,200,0.7,COMPLETE
488,488,0.7540983606557377,2021-04-13 17:46:33.237971,2021-04-13 17:46:33.961798,0 days 00:00:00.723827,0.030115248607304128,0.8,0.01676834760490022,0.016,9,6,200,0.7,COMPLETE
489,489,0.7969924812030075,2021-04-13 17:46:33.962799,2021-04-13 17:46:35.575609,0 days 00:00:01.612810,0.035932841736906196,0.8,0.014915826569346258,0.01,9,1,200,0.7,COMPLETE
490,490,0.7407407407407408,2021-04-13 17:46:35.576608,2021-04-13 17:46:36.143186,0 days 00:00:00.566578,0.029832510822731088,0.8,0.021179969797260553,0.016,9,15,200,0.7,COMPLETE
491,491,0.8059701492537313,2021-04-13 17:46:36.144187,2021-04-13 17:46:37.628917,0 days 00:00:01.484730,0.039619578794279596,0.8,0.014752492964740748,0.016,9,1,200,0.7,COMPLETE
492,492,0.7603305785123966,2021-04-13 17:46:37.629918,2021-04-13 17:46:38.360619,0 days 00:00:00.730701,0.021580197094532353,0.8,0.01305670111133015,0.01,9,7,200,0.7,COMPLETE
493,493,0.8059701492537313,2021-04-13 17:46:38.361619,2021-04-13 17:46:39.881803,0 days 00:00:01.520184,0.0318108163892257,0.8,0.01235882451486936,0.016,9,1,200,0.7,COMPLETE
494,494,0.7407407407407408,2021-04-13 17:46:39.883805,2021-04-13 17:46:40.407306,0 days 00:00:00.523501,0.03634949719398412,0.8,0.012984118053200917,0.016,9,21,200,0.7,COMPLETE
495,495,0.7941176470588236,2021-04-13 17:46:40.408307,2021-04-13 17:46:41.921712,0 days 00:00:01.513405,0.028276168237382094,0.8,0.015807068615748248,0.016,9,1,200,0.7,COMPLETE
496,496,0.7704918032786885,2021-04-13 17:46:41.923714,2021-04-13 17:46:42.589883,0 days 00:00:00.666169,0.04193124106243366,0.8,0.0113635768753872,0.016,9,11,200,0.7,COMPLETE
497,497,0.7603305785123966,2021-04-13 17:46:42.590884,2021-04-13 17:46:43.285761,0 days 00:00:00.694877,0.026523373665526716,0.8,0.013897946594446924,0.016,9,7,200,0.7,COMPLETE
498,498,0.8059701492537313,2021-04-13 17:46:43.287763,2021-04-13 17:46:44.812576,0 days 00:00:01.524813,0.037095425315153495,0.8,0.011631691695443182,0.018,9,1,200,0.7,COMPLETE
499,499,0.7407407407407408,2021-04-13 17:46:44.813577,2021-04-13 17:46:45.415312,0 days 00:00:00.601735,0.014960773000892469,0.8,0.01145701570915114,0.018,9,16,200,0.7,COMPLETE
500,500,0.7969924812030075,2021-04-13 17:46:45.416312,2021-04-13 17:46:47.032292,0 days 00:00:01.615980,0.03554479858760857,0.8,0.011205371394191772,0.008,9,1,200,0.7,COMPLETE
