,number,value,datetime_start,datetime_complete,duration,params_alpha,params_colsample_bytree,params_lambda,params_learning_rate,params_max_depth,params_min_child_weight,params_n_estimators,params_subsample,state
501,501,0.7603305785123966,2021-04-13 17:46:47.033293,2021-04-13 17:46:47.732570,0 days 00:00:00.699277,0.03576948635667174,0.8,0.013573712821858805,0.018,9,7,200,0.7,COMPLETE
502,502,0.8059701492537313,2021-04-13 17:46:47.734572,2021-04-13 17:46:49.246789,0 days 00:00:01.512217,0.03136590760383412,0.8,0.015575525473127906,0.016,9,1,200,0.7,COMPLETE
503,503,0.7704918032786885,2021-04-13 17:46:49.247790,2021-04-13 17:46:49.854903,0 days 00:00:00.607113,0.03121467345970521,0.8,0.016547527410627125,0.016,9,12,200,0.7,COMPLETE
504,504,0.8,2021-04-13 17:46:49.855902,2021-04-13 17:46:51.419030,0 days 00:00:01.563128,0.022115878711207546,0.8,0.010112672738184753,0.016,9,1,200,0.7,COMPLETE
505,505,0.7540983606557377,2021-04-13 17:46:51.420031,2021-04-13 17:46:52.151974,0 days 00:00:00.731943,0.026665926651317666,0.8,0.01460494237463724,0.016,9,6,200,0.7,COMPLETE
506,506,0.8,2021-04-13 17:46:52.152975,2021-04-13 17:46:53.702967,0 days 00:00:01.549992,0.031275756174031326,0.8,0.008528147189643329,0.016,9,1,200,0.7,COMPLETE
507,507,0.7704918032786885,2021-04-13 17:46:53.703968,2021-04-13 17:46:54.327071,0 days 00:00:00.623103,0.042768856137320996,0.8,0.011818230067626768,0.014,9,12,200,0.7,COMPLETE
508,508,0.8059701492537313,2021-04-13 17:46:54.329073,2021-04-13 17:46:55.791340,0 days 00:00:01.462267,0.04856971843753588,0.8,0.01197155623204861,0.016,9,1,200,0.7,COMPLETE
509,509,0.7407407407407408,2021-04-13 17:46:55.792341,2021-04-13 17:46:56.339732,0 days 00:00:00.547391,0.04762502416084102,0.8,0.009729085762070221,0.016,9,19,200,0.7,COMPLETE
510,510,0.7540983606557377,2021-04-13 17:46:56.340733,2021-04-13 17:46:57.081333,0 days 00:00:00.740600,0.03613863196397473,0.8,0.012471855433022908,0.016,9,6,200,0.7,COMPLETE
511,511,0.8059701492537313,2021-04-13 17:46:57.083335,2021-04-13 17:46:58.646958,0 days 00:00:01.563623,0.01804516131270364,0.8,0.011342314793448634,0.016,9,1,200,0.7,COMPLETE
512,512,0.8,2021-04-13 17:46:58.648960,2021-04-13 17:47:00.170621,0 days 00:00:01.521661,0.0109994614796497,0.8,0.010477963359553234,0.016,9,1,200,0.7,COMPLETE
513,513,0.7559055118110236,2021-04-13 17:47:00.171622,2021-04-13 17:47:00.804059,0 days 00:00:00.632437,0.018820447809874814,0.8,0.012089244882037126,0.016,9,13,200,0.7,COMPLETE
514,514,0.0,2021-04-13 17:47:00.805136,2021-04-13 17:47:01.350738,0 days 00:00:00.545602,0.025027957175551948,0.8,0.009135311190972873,0.016,9,95,200,0.7,COMPLETE
515,515,0.7603305785123966,2021-04-13 17:47:01.352741,2021-04-13 17:47:02.087130,0 days 00:00:00.734389,0.012506672103082844,0.8,0.014576372565091473,0.016,9,7,200,0.7,COMPLETE
516,516,0.7941176470588236,2021-04-13 17:47:02.088131,2021-04-13 17:47:03.641906,0 days 00:00:01.553775,0.0413074718774945,0.8,0.011033537226251057,0.016,9,1,200,0.7,COMPLETE
517,517,0.7540983606557377,2021-04-13 17:47:03.642907,2021-04-13 17:47:04.286065,0 days 00:00:00.643158,0.017302478484052898,0.8,0.014214902689975176,0.016,9,10,200,0.7,COMPLETE
518,518,0.7603305785123966,2021-04-13 17:47:04.288067,2021-04-13 17:47:05.023609,0 days 00:00:00.735542,0.04977861383234085,0.8,0.015818847766689844,0.009,9,7,200,0.7,COMPLETE
519,519,0.8,2021-04-13 17:47:05.024699,2021-04-13 17:47:06.588642,0 days 00:00:01.563943,0.03185488104581486,0.8,0.009164313702093507,0.016,9,1,200,0.7,COMPLETE
520,520,0.7407407407407408,2021-04-13 17:47:06.589643,2021-04-13 17:47:07.137139,0 days 00:00:00.547496,0.03911027641531963,0.8,0.011592414976492426,0.016,9,22,200,0.7,COMPLETE
521,521,0.8,2021-04-13 17:47:07.139142,2021-04-13 17:47:08.627667,0 days 00:00:01.488525,0.023842039916634576,0.8,0.012031408242471313,0.018,9,1,200,0.7,COMPLETE
522,522,0.0,2021-04-13 17:47:08.629669,2021-04-13 17:47:09.101170,0 days 00:00:00.471501,0.04587808680419594,0.8,0.014152825159022055,0.016,9,62,200,0.7,COMPLETE
523,523,0.7407407407407408,2021-04-13 17:47:09.103171,2021-04-13 17:47:09.672456,0 days 00:00:00.569285,0.016234289734814954,0.8,0.017694084165857916,0.016,9,17,200,0.7,COMPLETE
524,524,0.7540983606557377,2021-04-13 17:47:09.674459,2021-04-13 17:47:10.450771,0 days 00:00:00.776312,0.0064357204661440156,0.8,0.0068956601421205676,0.016,9,6,200,0.7,COMPLETE
525,525,0.7704918032786885,2021-04-13 17:47:10.452773,2021-04-13 17:47:11.063375,0 days 00:00:00.610602,0.031089964406311708,0.8,0.015909609497136427,0.016,9,12,200,0.7,COMPLETE
526,526,0.7969924812030075,2021-04-13 17:47:11.064376,2021-04-13 17:47:12.741377,0 days 00:00:01.677001,0.03663945701582771,0.8,0.009871863000009829,0.008,9,1,200,0.7,COMPLETE
527,527,0.7540983606557377,2021-04-13 17:47:12.742378,2021-04-13 17:47:13.523099,0 days 00:00:00.780721,0.05017229297421116,0.8,0.018328976358057535,0.016,9,6,200,0.7,COMPLETE
528,528,0.8059701492537313,2021-04-13 17:47:13.525101,2021-04-13 17:47:15.025453,0 days 00:00:01.500352,0.025949872661390844,0.8,0.011891444755111998,0.016,9,1,200,0.7,COMPLETE
529,529,0.8,2021-04-13 17:47:15.027454,2021-04-13 17:47:16.558299,0 days 00:00:01.530845,0.01924436742725092,0.8,0.009127348756681544,0.016,9,1,200,0.7,COMPLETE
530,530,0.7575757575757576,2021-04-13 17:47:16.559300,2021-04-13 17:47:17.152399,0 days 00:00:00.593099,0.025612625398605468,0.8,0.007558343844344864,0.016,9,14,200,0.7,COMPLETE
531,531,0.7642276422764227,2021-04-13 17:47:17.154401,2021-04-13 17:47:17.784501,0 days 00:00:00.630100,0.021882866147771268,0.8,0.01299705860787116,0.012,9,10,200,0.7,COMPLETE
532,532,0.7540983606557377,2021-04-13 17:47:17.785567,2021-04-13 17:47:18.526808,0 days 00:00:00.741241,0.028950751049857535,0.8,0.01123215201982701,0.016,9,6,200,0.7,COMPLETE
533,533,0.8059701492537313,2021-04-13 17:47:18.528810,2021-04-13 17:47:20.062507,0 days 00:00:01.533697,0.032619761226224016,0.8,0.01256668787291141,0.016,9,1,200,0.7,COMPLETE
534,534,0.8,2021-04-13 17:47:20.063508,2021-04-13 17:47:21.629240,0 days 00:00:01.565732,0.029863127752857568,0.8,0.009988464679141204,0.016,9,1,200,0.7,COMPLETE
535,535,0.7407407407407408,2021-04-13 17:47:21.630240,2021-04-13 17:47:22.165451,0 days 00:00:00.535211,0.02190816532606915,0.8,0.012954413397686713,0.016,9,24,200,0.7,COMPLETE
536,536,0.7969924812030075,2021-04-13 17:47:22.166450,2021-04-13 17:47:23.760020,0 days 00:00:01.593570,0.03533350533408931,0.8,0.014408445491416347,0.01,9,1,200,0.7,COMPLETE
537,537,0.7407407407407408,2021-04-13 17:47:23.761021,2021-04-13 17:47:24.360571,0 days 00:00:00.599550,0.02495335553939354,0.8,0.011215125546915419,0.016,9,17,200,0.7,COMPLETE
538,538,0.7642276422764227,2021-04-13 17:47:24.362572,2021-04-13 17:47:24.994799,0 days 00:00:00.632227,0.04056250780292919,0.8,0.008419524961787779,0.018,9,10,200,0.7,COMPLETE
539,539,0.7540983606557377,2021-04-13 17:47:24.996799,2021-04-13 17:47:25.734204,0 days 00:00:00.737405,0.031036546187865364,0.8,0.012828721181771356,0.016,9,6,200,0.7,COMPLETE
540,540,0.8059701492537313,2021-04-13 17:47:25.736293,2021-04-13 17:47:27.231542,0 days 00:00:01.495249,0.03635916921598963,0.8,0.015737245909744086,0.016,9,1,200,0.7,COMPLETE
541,541,0.7941176470588236,2021-04-13 17:47:27.233544,2021-04-13 17:47:28.717553,0 days 00:00:01.484009,0.03705462362472681,0.8,0.015428416364253156,0.016,9,1,200,0.7,COMPLETE
542,542,0.7704918032786885,2021-04-13 17:47:28.718554,2021-04-13 17:47:29.311602,0 days 00:00:00.593048,0.041953697372857666,0.8,0.010723887998961954,0.016,9,11,200,0.7,COMPLETE
543,543,0.7603305785123966,2021-04-13 17:47:29.313603,2021-04-13 17:47:30.083285,0 days 00:00:00.769682,0.02849074403609114,0.8,0.015958604561182296,0.014,9,6,200,0.7,COMPLETE
544,544,0.8059701492537313,2021-04-13 17:47:30.084286,2021-04-13 17:47:31.609280,0 days 00:00:01.524994,0.051465382755980914,0.8,0.013207014920011098,0.016,9,1,200,0.7,COMPLETE
545,545,0.8059701492537313,2021-04-13 17:47:31.610281,2021-04-13 17:47:33.141185,0 days 00:00:01.530904,0.05479574289889208,0.8,0.009252918517734141,0.016,9,1,200,0.7,COMPLETE
546,546,0.7407407407407408,2021-04-13 17:47:33.142186,2021-04-13 17:47:33.723572,0 days 00:00:00.581386,0.05533203560677827,0.8,0.009622216524630463,0.016,9,16,200,0.7,COMPLETE
547,547,0.7540983606557377,2021-04-13 17:47:33.724659,2021-04-13 17:47:34.500322,0 days 00:00:00.775663,0.05132195812376458,0.8,0.007139964008284064,0.016,9,6,200,0.7,COMPLETE
548,548,0.8059701492537313,2021-04-13 17:47:34.501323,2021-04-13 17:47:35.983695,0 days 00:00:01.482372,0.04468854873316343,0.8,0.006228709485606816,0.016,9,1,200,0.7,COMPLETE
549,549,0.8059701492537313,2021-04-13 17:47:35.984695,2021-04-13 17:47:37.475635,0 days 00:00:01.490940,0.0535207671584884,0.8,0.00840673931139843,0.016,9,1,200,0.7,COMPLETE
550,550,0.7704918032786885,2021-04-13 17:47:37.476636,2021-04-13 17:47:38.087003,0 days 00:00:00.610367,0.0512245047308864,0.8,0.005863139953030294,0.016,9,11,200,0.7,COMPLETE
551,551,0.7407407407407408,2021-04-13 17:47:38.088004,2021-04-13 17:47:38.606434,0 days 00:00:00.518430,0.055888908070355,0.8,0.003902326834295584,0.016,9,28,200,0.7,COMPLETE
552,552,0.7540983606557377,2021-04-13 17:47:38.607435,2021-04-13 17:47:39.354249,0 days 00:00:00.746814,0.03694325059830916,0.8,0.006623797519958066,0.016,9,6,200,0.7,COMPLETE
553,553,0.8,2021-04-13 17:47:39.356251,2021-04-13 17:47:40.841880,0 days 00:00:01.485629,0.058582021573038545,0.8,0.007520830116378584,0.016,9,1,200,0.7,COMPLETE
554,554,0.7407407407407408,2021-04-13 17:47:40.843882,2021-04-13 17:47:41.405822,0 days 00:00:00.561940,0.04482006024192724,0.8,0.005203215077384513,0.016,9,17,200,0.7,COMPLETE
555,555,0.7540983606557377,2021-04-13 17:47:41.407824,2021-04-13 17:47:42.041325,0 days 00:00:00.633501,0.03343689352024001,0.8,0.008666539582919524,0.016,9,10,200,0.7,COMPLETE
556,556,0.8059701492537313,2021-04-13 17:47:42.043327,2021-04-13 17:47:43.530946,0 days 00:00:01.487619,0.040284917871976585,0.8,0.007802412907365391,0.016,9,1,200,0.7,COMPLETE
557,557,0.7603305785123966,2021-04-13 17:47:43.531947,2021-04-13 17:47:44.268507,0 days 00:00:00.736560,0.039680088197736454,0.8,0.007686876283287777,0.009,9,6,200,0.7,COMPLETE
558,558,0.0,2021-04-13 17:47:44.270509,2021-04-13 17:47:44.737577,0 days 00:00:00.467068,0.04397370205583586,0.8,0.006512310803290991,0.016,9,77,200,0.7,COMPLETE
559,559,0.7407407407407408,2021-04-13 17:47:44.738578,2021-04-13 17:47:45.221683,0 days 00:00:00.483105,0.02599160045471085,0.8,0.009122424226091313,0.016,9,41,200,0.7,COMPLETE
560,560,0.7704918032786885,2021-04-13 17:47:45.222684,2021-04-13 17:47:45.846300,0 days 00:00:00.623616,0.04349639702483182,0.8,0.005943659807569006,0.016,9,12,200,0.7,COMPLETE
561,561,0.8,2021-04-13 17:47:45.848302,2021-04-13 17:47:47.353656,0 days 00:00:01.505354,0.05713499887558545,0.8,0.005715079868362728,0.016,9,1,200,0.7,COMPLETE
562,562,0.0,2021-04-13 17:47:47.354657,2021-04-13 17:47:47.825895,0 days 00:00:00.471238,0.050778874479406086,0.8,0.006842859829420193,0.018,9,113,200,0.7,COMPLETE
563,563,0.8059701492537313,2021-04-13 17:47:47.827896,2021-04-13 17:47:49.338315,0 days 00:00:01.510419,0.04732862962350384,0.8,0.008939568005453608,0.016,9,1,200,0.7,COMPLETE
564,564,0.7704918032786885,2021-04-13 17:47:49.339316,2021-04-13 17:47:50.030919,0 days 00:00:00.691603,0.033593203423154985,0.8,0.009210955180564277,0.016,9,8,200,0.7,COMPLETE
565,565,0.7407407407407408,2021-04-13 17:47:50.031920,2021-04-13 17:47:50.579450,0 days 00:00:00.547530,0.03798957261927875,0.8,0.007663403028212069,0.016,9,20,200,0.7,COMPLETE
566,566,0.7462686567164178,2021-04-13 17:47:50.580451,2021-04-13 17:47:51.148539,0 days 00:00:00.568088,0.05971860488458015,0.8,0.004690581689371752,0.016,9,14,200,0.7,COMPLETE
567,567,0.7969924812030075,2021-04-13 17:47:51.149540,2021-04-13 17:47:52.747027,0 days 00:00:01.597487,0.04897485946674579,0.8,0.008285363523131561,0.008,9,1,200,0.7,COMPLETE
568,568,0.7540983606557377,2021-04-13 17:47:52.749028,2021-04-13 17:47:53.484269,0 days 00:00:00.735241,0.022712019830028324,0.8,0.011470305824876008,0.016,9,6,200,0.7,COMPLETE
569,569,0.8,2021-04-13 17:47:53.486357,2021-04-13 17:47:55.007002,0 days 00:00:01.520645,0.016625147278891535,0.8,0.010928224188432934,0.016,9,1,200,0.7,COMPLETE
570,570,0.7704918032786885,2021-04-13 17:47:55.008002,2021-04-13 17:47:55.623092,0 days 00:00:00.615090,0.02792059268571734,0.8,0.010532291027330403,0.016,9,11,200,0.7,COMPLETE
571,571,0.0,2021-04-13 17:47:55.624093,2021-04-13 17:47:55.882886,0 days 00:00:00.258793,0.0316643210949877,0.8,0.006292860927441517,0.016,9,216,200,0.7,COMPLETE
572,572,0.7969924812030075,2021-04-13 17:47:55.884980,2021-04-13 17:47:57.477387,0 days 00:00:01.592407,0.06101557762599799,0.8,0.0078073235778810725,0.012,9,1,200,0.7,COMPLETE
573,573,0.7540983606557377,2021-04-13 17:47:57.478388,2021-04-13 17:47:58.222815,0 days 00:00:00.744427,0.038649970258708526,0.8,0.009922758564830766,0.016,9,6,200,0.7,COMPLETE
574,574,0.8059701492537313,2021-04-13 17:47:58.223816,2021-04-13 17:47:59.730288,0 days 00:00:01.506472,0.03397479016859504,0.8,0.013102842021325938,0.016,9,1,200,0.7,COMPLETE
575,575,0.7462686567164178,2021-04-13 17:47:59.731289,2021-04-13 17:48:00.341866,0 days 00:00:00.610577,0.020604196514818453,0.8,0.012330859728139618,0.018,9,15,200,0.7,COMPLETE
576,576,0.7603305785123966,2021-04-13 17:48:00.343868,2021-04-13 17:48:01.061372,0 days 00:00:00.717504,0.04417929721794108,0.8,0.006615395972563138,0.016,9,7,200,0.7,COMPLETE
577,577,0.8,2021-04-13 17:48:01.063374,2021-04-13 17:48:02.563178,0 days 00:00:01.499804,0.05184656724203809,0.8,0.008308003713748562,0.016,9,1,200,0.7,COMPLETE
578,578,0.8,2021-04-13 17:48:02.564179,2021-04-13 17:48:04.061214,0 days 00:00:01.497035,0.02675124910060134,0.8,0.010576340260909626,0.016,9,1,200,0.7,COMPLETE
579,579,0.7407407407407408,2021-04-13 17:48:04.062215,2021-04-13 17:48:04.610929,0 days 00:00:00.548714,0.055166116909421754,0.8,0.008962993442582773,0.016,13,22,200,0.7,COMPLETE
580,580,0.7540983606557377,2021-04-13 17:48:04.611929,2021-04-13 17:48:05.414503,0 days 00:00:00.802574,0.04748402481005702,0.8,0.005463961964979463,0.016,17,10,200,0.7,COMPLETE
581,581,0.7540983606557377,2021-04-13 17:48:05.415504,2021-04-13 17:48:06.215508,0 days 00:00:00.800004,0.03631911059976243,0.8,0.00921429557500987,0.016,9,6,200,0.7,COMPLETE
582,582,0.7462686567164178,2021-04-13 17:48:06.217508,2021-04-13 17:48:06.799853,0 days 00:00:00.582345,0.03722301049937572,0.8,0.007790395771101245,0.014,9,15,200,0.7,COMPLETE
583,583,0.5669291338582677,2021-04-13 17:48:06.801854,2021-04-13 17:48:07.268597,0 days 00:00:00.466743,0.06127691927531622,1.0,0.007068093145306811,0.016,9,49,200,0.7,COMPLETE
584,584,0.8,2021-04-13 17:48:07.270598,2021-04-13 17:48:08.803584,0 days 00:00:01.532986,0.03231865226161376,0.8,0.01345440568240837,0.016,9,1,200,0.7,COMPLETE
585,585,0.7642276422764227,2021-04-13 17:48:08.804665,2021-04-13 17:48:09.425958,0 days 00:00:00.621293,0.04078412857473686,0.8,0.0040178525224195795,0.016,4,8,200,0.7,COMPLETE
586,586,0.8059701492537313,2021-04-13 17:48:09.427960,2021-04-13 17:48:10.949103,0 days 00:00:01.521143,0.026048628538644546,0.8,0.009874310742120243,0.016,9,1,200,0.7,COMPLETE
587,587,0.7666666666666666,2021-04-13 17:48:10.951105,2021-04-13 17:48:11.584891,0 days 00:00:00.633786,0.023816775462912356,0.8,0.013710207152801291,0.009,9,11,200,0.7,COMPLETE
588,588,0.8,2021-04-13 17:48:11.585890,2021-04-13 17:48:13.079735,0 days 00:00:01.493845,0.019749141743434527,0.8,0.01038865357039265,0.016,9,1,200,0.7,COMPLETE
589,589,0.7603305785123966,2021-04-13 17:48:13.080736,2021-04-13 17:48:13.953844,0 days 00:00:00.873108,0.029556525413355454,0.8,0.015691532160956874,0.018,17,7,200,0.7,COMPLETE
590,590,0.7407407407407408,2021-04-13 17:48:13.955926,2021-04-13 17:48:14.531616,0 days 00:00:00.575690,0.041728355774553964,0.8,0.012092783958790241,0.016,9,18,200,0.7,COMPLETE
591,591,0.8,2021-04-13 17:48:14.532616,2021-04-13 17:48:16.054203,0 days 00:00:01.521587,0.015844948212874424,0.8,0.00967777491448587,0.016,9,1,200,0.7,COMPLETE
592,592,0.7603305785123966,2021-04-13 17:48:16.056205,2021-04-13 17:48:16.775503,0 days 00:00:00.719298,0.02466470717221506,0.8,0.012553338616385043,0.016,9,7,200,0.7,COMPLETE
593,593,0.8059701492537313,2021-04-13 17:48:16.776504,2021-04-13 17:48:18.272324,0 days 00:00:01.495820,0.049169186642053136,0.8,0.008229046927104964,0.016,9,1,200,0.7,COMPLETE
594,594,0.7777777777777778,2021-04-13 17:48:18.274326,2021-04-13 17:48:18.876126,0 days 00:00:00.601800,0.06091729147832051,0.8,0.006043886089792474,0.016,9,13,200,0.7,COMPLETE
595,595,0.7910447761194029,2021-04-13 17:48:18.877127,2021-04-13 17:48:19.730890,0 days 00:00:00.853763,0.049580730400524714,0.7,0.006788642995761567,0.016,5,1,200,0.7,COMPLETE
596,596,0.7540983606557377,2021-04-13 17:48:19.732891,2021-04-13 17:48:20.465124,0 days 00:00:00.732233,0.04345455634098103,0.8,0.011151074974608058,0.016,9,6,200,0.7,COMPLETE
597,597,0.8,2021-04-13 17:48:20.467124,2021-04-13 17:48:21.991331,0 days 00:00:01.524207,0.026680572136866698,0.8,0.015070153561772083,0.016,9,1,200,0.7,COMPLETE
598,598,0.7642276422764227,2021-04-13 17:48:21.992332,2021-04-13 17:48:22.887444,0 days 00:00:00.895112,0.064958609650543,0.8,0.004852812516083475,0.016,9,12,300,0.7,COMPLETE
599,599,0.0,2021-04-13 17:48:22.889446,2021-04-13 17:48:23.350115,0 days 00:00:00.460669,0.033273573191695924,0.8,0.013743021564170394,0.008,9,173,200,1.0,COMPLETE
600,600,0.7407407407407408,2021-04-13 17:48:23.351116,2021-04-13 17:48:23.881112,0 days 00:00:00.529996,0.05096097051186656,0.8,0.009962017855518241,0.016,9,25,200,0.7,COMPLETE
601,601,0.7479674796747967,2021-04-13 17:48:23.882113,2021-04-13 17:48:24.665891,0 days 00:00:00.783778,0.020687912210745445,0.9,0.008310555652199606,0.016,9,6,200,0.7,COMPLETE
602,602,0.8059701492537313,2021-04-13 17:48:24.667893,2021-04-13 17:48:26.164331,0 days 00:00:01.496438,0.03674372125129995,0.8,0.01264287826319443,0.016,9,1,200,0.7,COMPLETE
603,603,0.7538461538461538,2021-04-13 17:48:26.165423,2021-04-13 17:48:26.612917,0 days 00:00:00.447494,1.2644897449880361,0.8,0.011841748012708556,0.012,9,16,150,0.7,COMPLETE
604,604,0.7540983606557377,2021-04-13 17:48:26.613917,2021-04-13 17:48:27.236770,0 days 00:00:00.622853,0.03279326282184494,0.8,0.011653463253345202,0.016,9,10,200,0.7,COMPLETE
605,605,0.8,2021-04-13 17:48:27.237772,2021-04-13 17:48:28.746448,0 days 00:00:01.508676,0.02709289546209941,0.8,0.00752452039916265,0.016,9,1,200,0.7,COMPLETE
606,606,0.7407407407407408,2021-04-13 17:48:28.748450,2021-04-13 17:48:29.274831,0 days 00:00:00.526381,0.03899417992130117,0.8,0.017811773859543616,0.018,13,32,200,0.7,COMPLETE
607,607,0.7540983606557377,2021-04-13 17:48:29.276831,2021-04-13 17:48:30.180902,0 days 00:00:00.904071,0.01279710553485644,0.8,0.009734282781708462,0.016,17,6,200,0.7,COMPLETE
608,608,0.787878787878788,2021-04-13 17:48:30.181903,2021-04-13 17:48:31.900445,0 days 00:00:01.718542,0.03840501986317084,1.0,0.00889084725734287,0.016,9,1,200,0.7,COMPLETE
609,609,0.7407407407407408,2021-04-13 17:48:31.901446,2021-04-13 17:48:32.492298,0 days 00:00:00.590852,0.017490222659277205,0.8,0.010566722148895731,0.016,4,18,200,0.7,COMPLETE
610,610,0.7479674796747967,2021-04-13 17:48:32.493299,2021-04-13 17:48:33.182743,0 days 00:00:00.689444,0.04511143099677557,0.8,0.005890347427497646,0.016,9,11,200,1.0,COMPLETE
611,611,0.8,2021-04-13 17:48:33.183744,2021-04-13 17:48:34.727021,0 days 00:00:01.543277,0.03203751916154455,0.8,0.013697369576041193,0.016,9,1,200,0.7,COMPLETE
612,612,0.7540983606557377,2021-04-13 17:48:34.729022,2021-04-13 17:48:35.473020,0 days 00:00:00.743998,0.06397678206076862,0.8,0.008599845132060819,0.016,9,6,200,0.7,COMPLETE
613,613,0.8059701492537313,2021-04-13 17:48:35.475022,2021-04-13 17:48:37.044984,0 days 00:00:01.569962,0.031515409166018665,0.8,0.01685208091235317,0.016,9,1,200,0.7,COMPLETE
614,614,0.7666666666666666,2021-04-13 17:48:37.045986,2021-04-13 17:48:37.730233,0 days 00:00:00.684247,0.031747268174405666,0.8,0.017879114192877247,0.009,9,11,200,0.7,COMPLETE
615,615,0.7540983606557377,2021-04-13 17:48:37.732235,2021-04-13 17:48:38.495581,0 days 00:00:00.763346,0.04027972421885931,0.8,0.018852944387852524,0.016,9,6,200,0.7,COMPLETE
616,616,0.7407407407407408,2021-04-13 17:48:38.497582,2021-04-13 17:48:39.072502,0 days 00:00:00.574920,0.025949830054148006,0.8,0.013793976584009047,0.016,9,20,200,0.7,COMPLETE
617,617,0.8,2021-04-13 17:48:39.074504,2021-04-13 17:48:40.910002,0 days 00:00:01.835498,0.021947396142739013,0.8,0.014045476356497283,0.016,17,1,200,0.7,COMPLETE
618,618,0.7603305785123966,2021-04-13 17:48:40.911003,2021-04-13 17:48:41.617205,0 days 00:00:00.706202,0.024869392617272047,0.8,0.010098681341473098,0.014,9,7,200,0.7,COMPLETE
619,619,0.7441860465116279,2021-04-13 17:48:41.619207,2021-04-13 17:48:42.194254,0 days 00:00:00.575047,0.05725883465726925,0.7,0.006703641087377483,0.016,5,14,200,0.7,COMPLETE
620,620,0.8,2021-04-13 17:48:42.196256,2021-04-13 17:48:44.412174,0 days 00:00:02.215918,0.052335098697117576,0.8,0.007599914290638858,0.016,9,1,300,0.7,COMPLETE
621,621,0.8059701492537313,2021-04-13 17:48:44.413175,2021-04-13 17:48:45.988230,0 days 00:00:01.575055,0.030559288912658963,0.8,0.015463565986916138,0.016,9,1,200,0.7,COMPLETE
622,622,0.7603305785123966,2021-04-13 17:48:45.989230,2021-04-13 17:48:46.759303,0 days 00:00:00.770073,0.030118895363018393,0.9,0.016464417254040516,0.018,9,7,200,0.7,COMPLETE
623,623,0.7603305785123966,2021-04-13 17:48:46.761306,2021-04-13 17:48:47.266977,0 days 00:00:00.505671,0.9887200350660309,0.8,0.011964290430946985,0.016,9,12,150,0.7,COMPLETE
624,624,0.7540983606557377,2021-04-13 17:48:47.268978,2021-04-13 17:48:48.031399,0 days 00:00:00.762421,0.001907603132185588,0.8,0.011796681689377397,0.016,9,6,200,0.7,COMPLETE
625,625,0.8,2021-04-13 17:48:48.032400,2021-04-13 17:48:49.603926,0 days 00:00:01.571526,0.020258192592763586,0.8,0.013914488769779255,0.016,9,1,200,0.7,COMPLETE
