,number,value,datetime_start,datetime_complete,duration,params_alpha,params_colsample_bytree,params_lambda,params_learning_rate,params_max_depth,params_min_child_weight,params_n_estimators,params_subsample,state
750,750,0.7603305785123966,2021-04-13 17:50:43.877710,2021-04-13 17:50:44.911517,0 days 00:00:01.033807,0.06860586703958033,0.9,0.019983134365843588,0.014,9,7,300,0.7,COMPLETE
751,751,0.7969924812030075,2021-04-13 17:50:44.913519,2021-04-13 17:50:46.075617,0 days 00:00:01.162098,0.026242351084181284,0.8,0.006736584642517163,0.016,9,1,150,0.7,COMPLETE
752,752,0.7407407407407408,2021-04-13 17:50:46.077617,2021-04-13 17:50:46.554322,0 days 00:00:00.476705,0.02160800625024909,0.8,0.005630210679200324,0.016,9,21,150,0.7,COMPLETE
753,753,0.7642276422764227,2021-04-13 17:50:46.555323,2021-04-13 17:50:47.252159,0 days 00:00:00.696836,0.013331978631574926,0.8,0.012094349473310333,0.018,13,11,200,0.7,COMPLETE
754,754,0.7603305785123966,2021-04-13 17:50:47.253160,2021-04-13 17:50:48.140686,0 days 00:00:00.887526,0.04541183616219043,0.8,0.006890610831923184,0.016,17,7,200,0.7,COMPLETE
755,755,0.8059701492537313,2021-04-13 17:50:48.141687,2021-04-13 17:50:49.375490,0 days 00:00:01.233803,0.020572825144576642,0.8,0.0154231665943653,0.018,9,1,150,0.7,COMPLETE
756,756,0.7462686567164178,2021-04-13 17:50:49.376488,2021-04-13 17:50:49.982699,0 days 00:00:00.606211,0.04006208267697823,0.8,0.022583622329559194,0.016,9,14,200,0.7,COMPLETE
757,757,0.8059701492537313,2021-04-13 17:50:49.983699,2021-04-13 17:50:51.207368,0 days 00:00:01.223669,0.01612863511816661,0.8,0.025243622445372167,0.018,9,1,150,0.7,COMPLETE
758,758,0.7540983606557377,2021-04-13 17:50:51.209370,2021-04-13 17:50:51.981588,0 days 00:00:00.772218,0.052646727902733476,0.8,0.009602004853804854,0.016,9,6,200,0.7,COMPLETE
759,759,0.7642276422764227,2021-04-13 17:50:51.983590,2021-04-13 17:50:52.600667,0 days 00:00:00.617077,0.03452425505835539,0.8,0.02260473325151688,0.018,9,11,200,0.7,COMPLETE
760,760,0.7969924812030075,2021-04-13 17:50:52.602669,2021-04-13 17:50:53.802603,0 days 00:00:01.199934,0.07244342121491806,0.8,0.0041261036910740356,0.016,9,1,150,0.7,COMPLETE
761,761,0.7401574803149606,2021-04-13 17:50:53.804718,2021-04-13 17:50:54.437676,0 days 00:00:00.632958,0.021173558210084854,1.0,0.02696774903792393,0.02,7,6,150,0.8,COMPLETE
762,762,0.8059701492537313,2021-04-13 17:50:54.438677,2021-04-13 17:50:55.641059,0 days 00:00:01.202382,0.009073002808065528,0.8,0.0036483367756202883,0.016,9,1,150,0.7,COMPLETE
763,763,0.7407407407407408,2021-04-13 17:50:55.642060,2021-04-13 17:50:56.208642,0 days 00:00:00.566582,1.786316155786807,0.8,0.0028575253416792653,0.016,9,16,200,0.7,COMPLETE
764,764,0.7603305785123966,2021-04-13 17:50:56.210644,2021-04-13 17:50:56.767858,0 days 00:00:00.557214,0.04259541252931838,0.8,0.0034062995538946027,0.016,15,7,150,0.7,COMPLETE
765,765,0.8059701492537313,2021-04-13 17:50:56.769860,2021-04-13 17:50:57.934233,0 days 00:00:01.164373,0.014569237086662247,0.8,0.013862066412605742,0.018,9,1,150,0.7,COMPLETE
766,766,0.7704918032786885,2021-04-13 17:50:57.936322,2021-04-13 17:50:58.553661,0 days 00:00:00.617339,0.05745980126059078,0.8,0.010647684362885705,0.016,9,11,200,0.7,COMPLETE
767,767,0.7727272727272727,2021-04-13 17:50:58.555735,2021-04-13 17:50:59.248046,0 days 00:00:00.692311,0.028081277441495807,0.8,0.008872964999810029,0.016,5,1,150,0.7,COMPLETE
768,768,0.7407407407407408,2021-04-13 17:50:59.249047,2021-04-13 17:50:59.692691,0 days 00:00:00.443644,0.026635245075499945,0.8,0.007904337177435097,0.016,9,22,150,0.7,COMPLETE
769,769,0.8059701492537313,2021-04-13 17:50:59.693692,2021-04-13 17:51:00.912297,0 days 00:00:01.218605,0.006455106543001748,0.8,0.005842004181889142,0.018,9,1,150,0.7,COMPLETE
770,770,0.0,2021-04-13 17:51:00.914299,2021-04-13 17:51:01.182033,0 days 00:00:00.267734,0.07316876981520253,0.8,0.00845624387382226,0.009,9,200,200,0.7,COMPLETE
771,771,0.0,2021-04-13 17:51:01.184034,2021-04-13 17:51:01.562002,0 days 00:00:00.377968,0.01100181456265385,0.8,0.004106059678488486,0.016,9,100,150,0.7,COMPLETE
772,772,0.752,2021-04-13 17:51:01.563001,2021-04-13 17:51:02.083480,0 days 00:00:00.520479,0.004181366191908266,0.7,0.18018502497289546,0.012,13,7,150,0.7,COMPLETE
773,773,0.7441860465116279,2021-04-13 17:51:02.085574,2021-04-13 17:51:02.545337,0 days 00:00:00.459763,0.00806692725340516,0.8,0.017562997037165056,0.018,9,14,150,0.7,COMPLETE
774,774,0.7819548872180452,2021-04-13 17:51:02.547336,2021-04-13 17:51:04.122091,0 days 00:00:01.574755,0.007102517058234644,0.8,0.021114196783980382,0.018,17,1,150,1.0,COMPLETE
775,775,0.7603305785123966,2021-04-13 17:51:04.124092,2021-04-13 17:51:04.803794,0 days 00:00:00.679702,0.042442349235083714,0.8,0.006351940881883659,0.016,9,7,200,0.7,COMPLETE
776,776,0.8059701492537313,2021-04-13 17:51:04.804852,2021-04-13 17:51:05.982505,0 days 00:00:01.177653,0.01415110505801913,0.8,0.009202398277609242,0.018,9,1,150,0.7,COMPLETE
777,777,0.7580645161290324,2021-04-13 17:51:05.983506,2021-04-13 17:51:06.475651,0 days 00:00:00.492145,0.005346591438127551,0.6,0.022145995972634322,0.018,4,11,150,0.7,COMPLETE
778,778,0.7603305785123966,2021-04-13 17:51:06.476651,2021-04-13 17:51:07.120402,0 days 00:00:00.643751,0.00980381168536662,0.9,0.01325108779527932,0.018,9,6,150,0.7,COMPLETE
779,779,0.7407407407407408,2021-04-13 17:51:07.122403,2021-04-13 17:51:07.581333,0 days 00:00:00.458930,0.011122176705307718,1.0,0.015142417485573016,0.018,9,19,150,0.7,COMPLETE
780,780,0.8059701492537313,2021-04-13 17:51:07.582334,2021-04-13 17:51:09.052188,0 days 00:00:01.469854,0.006915303936703919,0.8,0.02454342076094365,0.02,17,1,150,0.8,COMPLETE
781,781,0.7642276422764227,2021-04-13 17:51:09.054190,2021-04-13 17:51:09.810366,0 days 00:00:00.756176,0.0024159527487377214,0.8,0.01866655358539119,0.02,17,11,200,0.8,COMPLETE
782,782,0.7407407407407408,2021-04-13 17:51:09.811367,2021-04-13 17:51:10.209008,0 days 00:00:00.397641,0.02961279715299643,0.8,0.018094846663992022,0.018,9,37,150,0.7,COMPLETE
783,783,0.8059701492537313,2021-04-13 17:51:10.210009,2021-04-13 17:51:11.403985,0 days 00:00:01.193976,0.05670327797349139,0.8,0.00557442123857976,0.016,9,1,150,0.7,COMPLETE
784,784,0.8059701492537313,2021-04-13 17:51:11.405090,2021-04-13 17:51:12.616317,0 days 00:00:01.211227,0.012833931024481613,0.8,0.015866846281411644,0.018,9,1,150,0.7,COMPLETE
785,785,0.7603305785123966,2021-04-13 17:51:12.618320,2021-04-13 17:51:13.232014,0 days 00:00:00.613694,0.009900081652166473,0.8,0.027666423925918966,0.016,9,7,150,0.7,COMPLETE
786,786,0.7407407407407408,2021-04-13 17:51:13.234016,2021-04-13 17:51:13.688408,0 days 00:00:00.454392,0.011092595999967193,0.8,0.015206662641800248,0.018,9,16,150,0.7,COMPLETE
787,787,0.7603305785123966,2021-04-13 17:51:13.689409,2021-04-13 17:51:14.269529,0 days 00:00:00.580120,0.005935837546656258,0.8,0.004160240792263131,0.018,15,7,150,0.7,COMPLETE
788,788,0.7479674796747967,2021-04-13 17:51:14.271531,2021-04-13 17:51:15.357745,0 days 00:00:01.086214,0.009037122875801983,0.8,0.004939884240218589,0.018,9,6,300,0.7,COMPLETE
789,789,0.7786259541984734,2021-04-13 17:51:15.358746,2021-04-13 17:51:16.680513,0 days 00:00:01.321767,0.01653194244754719,0.8,0.011508504338102774,0.008,9,1,150,0.7,COMPLETE
790,790,0.7704918032786885,2021-04-13 17:51:16.682515,2021-04-13 17:51:17.348832,0 days 00:00:00.666317,0.03445567634634705,0.8,0.010564768417729794,0.016,5,12,200,0.7,COMPLETE
791,791,0.0,2021-04-13 17:51:17.350834,2021-04-13 17:51:17.625233,0 days 00:00:00.274399,0.020162082835710318,0.8,0.013164574709267053,0.016,9,148,200,0.7,COMPLETE
792,792,0.7407407407407408,2021-04-13 17:51:17.627233,2021-04-13 17:51:18.064502,0 days 00:00:00.437269,0.015144297302455622,0.8,0.012965782234310443,0.018,9,25,150,1.0,COMPLETE
793,793,0.8059701492537313,2021-04-13 17:51:18.066501,2021-04-13 17:51:19.263175,0 days 00:00:01.196674,0.017109055652216505,0.8,0.011855896821125336,0.018,9,1,150,0.7,COMPLETE
794,794,0.7704918032786885,2021-04-13 17:51:19.264176,2021-04-13 17:51:19.890539,0 days 00:00:00.626363,0.06486890966991837,0.7,0.008842363417725192,0.016,9,12,200,0.7,COMPLETE
795,795,0.7603305785123966,2021-04-13 17:51:19.891540,2021-04-13 17:51:20.493420,0 days 00:00:00.601880,0.011711432506643091,0.8,0.021343626056818762,0.018,9,6,150,0.7,COMPLETE
796,796,0.0,2021-04-13 17:51:20.494421,2021-04-13 17:51:20.749492,0 days 00:00:00.255071,0.008898666446880447,0.8,0.010242632550915573,0.018,9,255,150,0.7,COMPLETE
797,797,0.0,2021-04-13 17:51:20.751494,2021-04-13 17:51:21.008703,0 days 00:00:00.257209,0.030988123072757227,0.8,0.005729135272220656,0.018,9,234,150,0.7,COMPLETE
798,798,0.787878787878788,2021-04-13 17:51:21.010705,2021-04-13 17:51:22.230996,0 days 00:00:01.220291,0.03773828094129333,0.8,0.02523650726584171,0.014,9,1,150,0.7,COMPLETE
799,799,0.7407407407407408,2021-04-13 17:51:22.232998,2021-04-13 17:51:22.790508,0 days 00:00:00.557510,0.03301554097756225,0.8,0.010053792536009097,0.016,4,18,200,0.7,COMPLETE
800,800,0.8059701492537313,2021-04-13 17:51:22.791509,2021-04-13 17:51:23.990867,0 days 00:00:01.199358,0.019851834588605583,0.8,0.011104348371064757,0.018,9,1,150,0.7,COMPLETE
801,801,0.7727272727272727,2021-04-13 17:51:23.991868,2021-04-13 17:51:24.966443,0 days 00:00:00.974575,0.007496358139173766,0.9,0.003833617765631956,0.018,7,1,150,0.7,COMPLETE
802,802,0.7603305785123966,2021-04-13 17:51:24.968444,2021-04-13 17:51:25.494507,0 days 00:00:00.526063,0.008194893110170933,0.8,0.01761612106205472,0.018,13,11,150,0.7,COMPLETE
803,803,0.7603305785123966,2021-04-13 17:51:25.496508,2021-04-13 17:51:26.096523,0 days 00:00:00.600015,0.008857083623328694,0.8,0.0027436480234751814,0.009,9,6,150,0.6,COMPLETE
804,804,0.8059701492537313,2021-04-13 17:51:26.097523,2021-04-13 17:51:27.284811,0 days 00:00:01.187288,0.012038368906383538,0.8,0.004624765663930699,0.018,9,1,150,0.7,COMPLETE
805,805,0.7407407407407408,2021-04-13 17:51:27.285810,2021-04-13 17:51:27.889965,0 days 00:00:00.604155,0.049557599645628225,1.0,0.008316110225045137,0.016,9,15,200,0.7,COMPLETE
806,806,0.0,2021-04-13 17:51:27.890966,2021-04-13 17:51:28.163967,0 days 00:00:00.273001,0.01603640430215049,0.8,0.014111488895243536,0.018,9,209,150,0.7,COMPLETE
807,807,0.7603305785123966,2021-04-13 17:51:28.166050,2021-04-13 17:51:29.386506,0 days 00:00:01.220456,0.00318696454995328,0.8,0.009110860671638212,0.016,17,7,300,0.7,COMPLETE
808,808,0.7969924812030075,2021-04-13 17:51:29.388507,2021-04-13 17:51:30.269749,0 days 00:00:00.881242,0.4667120650146627,0.8,0.02026593592142463,0.018,7,1,150,0.8,COMPLETE
809,809,0.8059701492537313,2021-04-13 17:51:30.271751,2021-04-13 17:51:31.457111,0 days 00:00:01.185360,0.01513082964371721,0.8,0.014845958537062718,0.018,9,1,150,0.7,COMPLETE
810,810,0.0,2021-04-13 17:51:31.459113,2021-04-13 17:51:31.716221,0 days 00:00:00.257108,0.013303513830494076,0.8,0.004284925789241047,0.018,9,177,150,0.7,COMPLETE
811,811,0.7479674796747967,2021-04-13 17:51:31.718222,2021-04-13 17:51:32.219954,0 days 00:00:00.501732,0.0066362311223349775,0.7,0.02891321881497751,0.02,15,11,150,0.8,COMPLETE
812,812,0.7603305785123966,2021-04-13 17:51:32.220955,2021-04-13 17:51:32.799177,0 days 00:00:00.578222,0.018760959553047164,0.8,0.015039784066573712,0.018,9,6,150,0.7,COMPLETE
813,813,0.7938931297709925,2021-04-13 17:51:32.800178,2021-04-13 17:51:34.039028,0 days 00:00:01.238850,0.015075464665193482,0.9,0.0024544607460566426,0.018,9,1,150,0.7,COMPLETE
814,814,0.7407407407407408,2021-04-13 17:51:34.040029,2021-04-13 17:51:34.490588,0 days 00:00:00.450559,0.005112833201903211,0.8,0.0022460752249003164,0.018,9,21,150,0.7,COMPLETE
815,815,0.8059701492537313,2021-04-13 17:51:34.492590,2021-04-13 17:51:35.685285,0 days 00:00:01.192695,0.004884506091800701,0.8,0.006049842869981709,0.018,9,1,150,0.7,COMPLETE
816,816,0.7603305785123966,2021-04-13 17:51:35.686284,2021-04-13 17:51:36.221697,0 days 00:00:00.535413,0.0019551663046072586,0.8,0.011427320387553027,0.018,5,7,150,0.7,COMPLETE
817,817,0.7538461538461538,2021-04-13 17:51:36.222697,2021-04-13 17:51:36.788982,0 days 00:00:00.566285,0.017979589449787108,0.6,0.012011528402941082,0.018,9,15,200,0.7,COMPLETE
818,818,0.7642276422764227,2021-04-13 17:51:36.790984,2021-04-13 17:51:37.481998,0 days 00:00:00.691014,0.01189343477023469,0.8,0.0033993299342101875,0.018,9,6,150,1.0,COMPLETE
819,819,0.8059701492537313,2021-04-13 17:51:37.483999,2021-04-13 17:51:38.697642,0 days 00:00:01.213643,0.007900272458879178,0.8,0.01783431320393872,0.016,9,1,150,0.7,COMPLETE
820,820,0.7540983606557377,2021-04-13 17:51:38.699644,2021-04-13 17:51:39.354533,0 days 00:00:00.654889,0.04500311010943205,1.0,0.008093048536724736,0.016,9,10,200,0.7,COMPLETE
821,821,0.0,2021-04-13 17:51:39.356534,2021-04-13 17:51:39.843376,0 days 00:00:00.486842,0.021197751705473448,0.8,0.011166706493257664,0.01,9,128,200,0.7,COMPLETE
822,822,0.8059701492537313,2021-04-13 17:51:39.845458,2021-04-13 17:51:41.381239,0 days 00:00:01.535781,0.015468025545491532,0.8,0.029971538871085272,0.018,17,1,150,0.8,COMPLETE
823,823,0.7301587301587301,2021-04-13 17:51:41.383241,2021-04-13 17:51:42.002580,0 days 00:00:00.619339,0.023792469057430335,0.8,0.011635663102547595,0.008,9,15,200,0.7,COMPLETE
824,824,0.7407407407407408,2021-04-13 17:51:42.003580,2021-04-13 17:51:42.426093,0 days 00:00:00.422513,0.02652605580448501,0.8,0.007080683028841217,0.018,9,28,150,0.7,COMPLETE
825,825,0.8059701492537313,2021-04-13 17:51:42.428095,2021-04-13 17:51:43.646606,0 days 00:00:01.218511,0.006656907673699948,0.8,0.004970386022951143,0.018,9,1,150,0.7,COMPLETE
826,826,0.7603305785123966,2021-04-13 17:51:43.647607,2021-04-13 17:51:44.150684,0 days 00:00:00.503077,0.0077512253555018056,0.8,0.0038703658787102523,0.018,13,10,150,0.7,COMPLETE
827,827,0.7603305785123966,2021-04-13 17:51:44.151685,2021-04-13 17:51:44.662188,0 days 00:00:00.510503,0.006032178388516431,0.6,0.0029390696033164275,0.012,4,7,150,0.8,COMPLETE
828,828,0.7938931297709925,2021-04-13 17:51:44.663189,2021-04-13 17:51:45.841006,0 days 00:00:01.177817,0.8621927447863107,0.8,0.02048098514300648,0.018,17,1,150,0.8,COMPLETE
829,829,0.7407407407407408,2021-04-13 17:51:45.842007,2021-04-13 17:51:46.386317,0 days 00:00:00.544310,0.038736838331314846,0.5,0.008480158293678182,0.016,9,20,200,0.7,COMPLETE
830,830,0.7580645161290324,2021-04-13 17:51:46.388319,2021-04-13 17:51:47.099204,0 days 00:00:00.710885,0.0736260420813688,0.8,0.005378548645981699,0.02,17,6,150,0.8,COMPLETE
831,831,0.8059701492537313,2021-04-13 17:51:47.101206,2021-04-13 17:51:48.282542,0 days 00:00:01.181336,0.010275553276019802,0.8,0.00487693659260317,0.018,9,1,150,0.7,COMPLETE
832,832,0.7441860465116279,2021-04-13 17:51:48.284641,2021-04-13 17:51:48.738407,0 days 00:00:00.453766,0.02258347100375619,0.8,0.017256156384529955,0.018,9,14,150,0.7,COMPLETE
833,833,0.7603305785123966,2021-04-13 17:51:48.739408,2021-04-13 17:51:49.300927,0 days 00:00:00.561519,0.06204904052232198,0.8,0.02454178604055193,0.014,9,6,150,0.6,COMPLETE
834,834,0.8059701492537313,2021-04-13 17:51:49.302930,2021-04-13 17:51:50.487250,0 days 00:00:01.184320,0.012822150297537614,0.8,0.003299573182712933,0.018,9,1,150,0.7,COMPLETE
835,835,0.7540983606557377,2021-04-13 17:51:50.489252,2021-04-13 17:51:51.131493,0 days 00:00:00.642241,0.02879142339984962,0.8,0.015606806935003322,0.016,9,11,200,0.8,COMPLETE
836,836,0.7812499999999999,2021-04-13 17:51:51.132494,2021-04-13 17:51:51.632284,0 days 00:00:00.499790,0.0067449489259821865,0.5,0.003060626277466562,0.02,11,7,150,0.7,COMPLETE
837,837,0.8,2021-04-13 17:51:51.633285,2021-04-13 17:51:53.157230,0 days 00:00:01.523945,0.026740270551730373,0.8,0.01945097904662658,0.016,9,1,200,0.7,COMPLETE
838,838,0.7538461538461538,2021-04-13 17:51:53.158231,2021-04-13 17:51:53.733855,0 days 00:00:00.575624,0.04193547664814347,0.5,0.007646343240989348,0.02,11,17,200,0.8,COMPLETE
839,839,0.8059701492537313,2021-04-13 17:51:53.735935,2021-04-13 17:51:55.058917,0 days 00:00:01.322982,0.008688730396050216,0.8,0.004566453032303843,0.018,11,1,150,0.7,COMPLETE
840,840,0.7642276422764227,2021-04-13 17:51:55.060919,2021-04-13 17:51:56.000025,0 days 00:00:00.939106,0.024405811499904253,0.7,0.007018144139399772,0.016,11,11,300,0.7,COMPLETE
841,841,0.7969924812030075,2021-04-13 17:51:56.001026,2021-04-13 17:51:57.259072,0 days 00:00:01.258046,0.009124866926335757,0.8,0.003627549277232946,0.018,9,1,150,0.8,COMPLETE
842,842,0.7603305785123966,2021-04-13 17:51:57.261074,2021-04-13 17:51:57.965592,0 days 00:00:00.704518,0.005945721549010059,0.8,0.0250852303340508,0.018,17,6,150,0.6,COMPLETE
843,843,0.7666666666666666,2021-04-13 17:51:57.966591,2021-04-13 17:51:58.462730,0 days 00:00:00.496139,0.0041415476652361515,0.8,0.013591704847854588,0.01,9,11,150,0.7,COMPLETE
844,844,0.8059701492537313,2021-04-13 17:51:58.464821,2021-04-13 17:51:59.675026,0 days 00:00:01.210205,0.012940635101346533,0.8,0.010144612299363759,0.018,9,1,150,0.7,COMPLETE
845,845,0.7969924812030075,2021-04-13 17:51:59.677027,2021-04-13 17:52:00.885420,0 days 00:00:01.208393,0.015046694493321069,0.8,0.00542334810701068,0.018,9,1,150,0.7,COMPLETE
846,846,0.7603305785123966,2021-04-13 17:52:00.888421,2021-04-13 17:52:01.534903,0 days 00:00:00.646482,0.01010734495911493,0.8,0.006150871144507828,0.018,9,6,150,0.7,COMPLETE
847,847,0.7407407407407408,2021-04-13 17:52:01.536903,2021-04-13 17:52:02.043821,0 days 00:00:00.506918,0.011560929998986285,0.8,0.015742418951336504,0.02,15,17,150,0.8,COMPLETE
848,848,0.752,2021-04-13 17:52:02.044910,2021-04-13 17:52:02.662109,0 days 00:00:00.617199,0.018492449084817286,0.8,0.02165053047364538,0.018,9,7,150,1.0,COMPLETE
849,849,0.7679999999999999,2021-04-13 17:52:02.664111,2021-04-13 17:52:03.144914,0 days 00:00:00.480803,0.5313868553721856,0.5,0.022934350312604976,0.009,7,11,150,0.8,COMPLETE
850,850,0.7407407407407408,2021-04-13 17:52:03.146913,2021-04-13 17:52:03.567873,0 days 00:00:00.420960,0.010699475055289348,0.8,0.004973971056275079,0.012,9,23,150,0.7,COMPLETE
851,851,0.0,2021-04-13 17:52:03.568874,2021-04-13 17:52:03.827167,0 days 00:00:00.258293,0.00419669276333009,0.8,0.005798571654482278,0.008,5,189,150,0.7,COMPLETE
852,852,0.0,2021-04-13 17:52:03.829169,2021-04-13 17:52:04.632798,0 days 00:00:00.803629,0.020320693445865203,0.8,0.010053646364610308,0.02,17,113,300,0.8,COMPLETE
853,853,0.8059701492537313,2021-04-13 17:52:04.633799,2021-04-13 17:52:06.388152,0 days 00:00:01.754353,0.005204768334425152,0.8,0.009614495838918748,0.02,17,1,200,0.7,COMPLETE
854,854,0.7938931297709925,2021-04-13 17:52:06.389153,2021-04-13 17:52:07.752715,0 days 00:00:01.363562,0.008077198291599705,0.9,0.004802188967618072,0.02,11,1,150,0.7,COMPLETE
855,855,0.7751937984496124,2021-04-13 17:52:07.754809,2021-04-13 17:52:08.379915,0 days 00:00:00.625106,0.7009549886343953,0.5,0.008020573174720736,0.02,13,7,200,0.7,COMPLETE
856,856,0.787878787878788,2021-04-13 17:52:08.381918,2021-04-13 17:52:09.719662,0 days 00:00:01.337744,0.020987084375925103,0.8,0.007373842368674531,0.009,9,1,150,0.7,COMPLETE
857,857,0.7462686567164178,2021-04-13 17:52:09.720663,2021-04-13 17:52:10.199134,0 days 00:00:00.478471,0.00971199092281968,0.8,0.01309738682650092,0.018,9,15,150,0.7,COMPLETE
858,858,0.7812499999999999,2021-04-13 17:52:10.200135,2021-04-13 17:52:10.756886,0 days 00:00:00.556751,0.005486829412684671,0.5,0.006845433425401089,0.02,11,6,150,0.8,COMPLETE
859,859,0.8059701492537313,2021-04-13 17:52:10.758888,2021-04-13 17:52:12.255797,0 days 00:00:01.496909,0.02405499415757467,0.8,0.009879896793073812,0.016,9,1,200,0.7,COMPLETE
860,860,0.7704918032786885,2021-04-13 17:52:12.256798,2021-04-13 17:52:12.917988,0 days 00:00:00.661190,0.02769237616570439,0.8,0.015467481888705992,0.016,9,12,200,0.7,COMPLETE
861,861,0.8059701492537313,2021-04-13 17:52:12.919991,2021-04-13 17:52:14.079974,0 days 00:00:01.159983,0.014747185218931086,0.8,0.03082730978647989,0.018,9,1,150,0.7,COMPLETE
862,862,0.7761194029850746,2021-04-13 17:52:14.080975,2021-04-13 17:52:15.565764,0 days 00:00:01.484789,0.013719319445807437,1.0,0.03742669606107678,0.018,11,1,150,0.8,COMPLETE
863,863,0.7603305785123966,2021-04-13 17:52:15.567765,2021-04-13 17:52:16.134207,0 days 00:00:00.566442,0.015619220163391291,0.8,0.03216525387600582,0.018,9,7,150,0.7,COMPLETE
864,864,0.7704918032786885,2021-04-13 17:52:16.136209,2021-04-13 17:52:16.605219,0 days 00:00:00.469010,0.006269555557310042,0.8,0.0038846157669470715,0.018,9,12,150,0.7,COMPLETE
865,865,0.7407407407407408,2021-04-13 17:52:16.606218,2021-04-13 17:52:17.048115,0 days 00:00:00.441897,0.010733146545064036,0.8,0.019049952318139673,0.018,9,19,150,0.7,COMPLETE
866,866,0.7969924812030075,2021-04-13 17:52:17.050117,2021-04-13 17:52:18.628204,0 days 00:00:01.578087,0.006406604311755308,0.8,0.004432771442302652,0.018,17,1,150,0.8,COMPLETE
867,867,0.7603305785123966,2021-04-13 17:52:18.629204,2021-04-13 17:52:19.232036,0 days 00:00:00.602832,0.013067861795206978,0.8,0.012293945800454264,0.018,9,7,150,0.7,COMPLETE
868,868,0.8059701492537313,2021-04-13 17:52:19.234038,2021-04-13 17:52:20.447653,0 days 00:00:01.213615,0.004359841325555487,0.8,0.01741623192103792,0.018,9,1,150,0.7,COMPLETE
869,869,0.7540983606557377,2021-04-13 17:52:20.449654,2021-04-13 17:52:21.211615,0 days 00:00:00.761961,0.025679364858955854,0.8,0.016510549609893097,0.016,9,6,200,0.7,COMPLETE
870,870,0.7384615384615385,2021-04-13 17:52:21.213617,2021-04-13 17:52:21.807882,0 days 00:00:00.594265,0.03321600548181407,0.5,0.019811794048916195,0.01,11,13,200,0.8,COMPLETE
871,871,0.787878787878788,2021-04-13 17:52:21.809884,2021-04-13 17:52:23.236438,0 days 00:00:01.426554,0.008051005190664767,0.6,0.002405872809614003,0.016,9,1,200,0.7,COMPLETE
872,872,0.7751937984496124,2021-04-13 17:52:23.238439,2021-04-13 17:52:24.613734,0 days 00:00:01.375295,0.0807035641068102,0.5,0.006535871746079159,0.016,4,11,3000,0.7,COMPLETE
873,873,0.7603305785123966,2021-04-13 17:52:24.615821,2021-04-13 17:52:25.218629,0 days 00:00:00.602808,0.018357875595089158,0.8,0.006621224623102754,0.014,9,6,150,0.7,COMPLETE
