,number,value,datetime_start,datetime_complete,duration,params_alpha,params_colsample_bytree,params_lambda,params_learning_rate,params_max_depth,params_min_child_weight,params_n_estimators,params_subsample,state
997,997,0.7969924812030075,2021-04-13 17:54:23.318535,2021-04-13 17:54:24.534661,0 days 00:00:01.216126,0.022087565335075138,0.6,0.006986702572940015,0.018,15,1,150,0.7,COMPLETE
998,998,0.7666666666666666,2021-04-13 17:54:24.535746,2021-04-13 17:54:25.059220,0 days 00:00:00.523474,0.017735675219116776,0.8,0.01294875345640822,0.012,9,10,150,0.7,COMPLETE
999,999,0.7407407407407408,2021-04-13 17:54:25.060221,2021-04-13 17:54:25.648715,0 days 00:00:00.588494,0.020089665243364994,0.8,0.018889248821020607,0.02,7,17,200,0.7,COMPLETE
