,number,value,datetime_start,datetime_complete,duration,params_alpha,params_colsample_bytree,params_lambda,params_learning_rate,params_max_depth,params_min_child_weight,params_n_estimators,params_subsample,state
626,626,0.7941176470588236,2021-04-13 17:48:49.606026,2021-04-13 17:48:51.577366,0 days 00:00:01.971340,0.04918319444139514,0.8,0.008399532988762988,0.016,17,1,200,0.7,COMPLETE
627,627,0.7407407407407408,2021-04-13 17:48:51.578367,2021-04-13 17:48:52.177328,0 days 00:00:00.598961,0.03305110844954104,0.8,0.016243920405116026,0.016,9,16,200,0.7,COMPLETE
628,628,0.7727272727272727,2021-04-13 17:48:52.178328,2021-04-13 17:48:53.307238,0 days 00:00:01.128910,2.2149752977965114,0.8,0.015593639206140144,0.016,9,1,200,0.7,COMPLETE
629,629,0.761904761904762,2021-04-13 17:48:53.308239,2021-04-13 17:48:54.018307,0 days 00:00:00.710068,0.042261052187982574,1.0,0.004825383151444335,0.016,13,11,200,0.7,COMPLETE
630,630,0.7540983606557377,2021-04-13 17:48:54.020309,2021-04-13 17:48:54.838331,0 days 00:00:00.818022,0.06481755673908664,0.8,0.007538065983427118,0.016,9,6,200,0.7,COMPLETE
631,631,0.8059701492537313,2021-04-13 17:48:54.839332,2021-04-13 17:48:56.462549,0 days 00:00:01.623217,0.02683031942663261,0.8,0.013072879105767815,0.016,9,1,200,0.7,COMPLETE
632,632,0.7407407407407408,2021-04-13 17:48:56.464644,2021-04-13 17:48:57.065403,0 days 00:00:00.600759,3.0231734592173516,0.8,0.012139358325660187,0.016,9,24,200,0.7,COMPLETE
633,633,0.7603305785123966,2021-04-13 17:48:57.067406,2021-04-13 17:48:57.758513,0 days 00:00:00.691107,0.021776752282108486,0.8,0.018968284698222433,0.012,9,11,200,0.7,COMPLETE
634,634,0.8059701492537313,2021-04-13 17:48:57.760516,2021-04-13 17:48:59.427359,0 days 00:00:01.666843,0.03656122127549323,0.8,0.013781935474725565,0.016,9,1,200,0.7,COMPLETE
635,635,0.7603305785123966,2021-04-13 17:48:59.428358,2021-04-13 17:49:00.237278,0 days 00:00:00.808920,0.027068658476376885,0.8,0.016357333055396696,0.016,9,7,200,0.7,COMPLETE
636,636,0.0,2021-04-13 17:49:00.239280,2021-04-13 17:49:00.515641,0 days 00:00:00.276361,0.03461104270300696,0.8,0.018142517847784534,0.016,9,137,200,0.7,COMPLETE
637,637,0.7407407407407408,2021-04-13 17:49:00.516641,2021-04-13 17:49:01.133225,0 days 00:00:00.616584,0.015175966207844782,0.8,0.010293652531167439,0.008,9,19,200,0.7,COMPLETE
638,638,0.7647058823529411,2021-04-13 17:49:01.135227,2021-04-13 17:49:02.940227,0 days 00:00:01.805000,0.04149272232690878,0.8,0.0058809825824559315,0.016,9,1,200,1.0,COMPLETE
639,639,0.0,2021-04-13 17:49:02.941228,2021-04-13 17:49:03.273029,0 days 00:00:00.331801,0.05513531472303702,0.8,0.007751087063029962,0.016,17,156,200,0.7,COMPLETE
640,640,0.7540983606557377,2021-04-13 17:49:03.274029,2021-04-13 17:49:04.068551,0 days 00:00:00.794522,0.047629173884413054,0.8,0.006336557988029258,0.016,9,6,200,0.7,COMPLETE
641,641,0.8,2021-04-13 17:49:04.070554,2021-04-13 17:49:05.707554,0 days 00:00:01.637000,0.026211653027668536,0.8,0.009358659271570074,0.016,9,1,200,0.7,COMPLETE
642,642,0.7768595041322315,2021-04-13 17:49:05.709559,2021-04-13 17:49:06.631631,0 days 00:00:00.922072,0.06645471049340128,0.8,0.010534802913786178,0.009,9,13,300,0.7,COMPLETE
643,643,0.7580645161290324,2021-04-13 17:49:06.632632,2021-04-13 17:49:07.327312,0 days 00:00:00.694680,0.047121095057292124,0.7,0.0091436960890302,0.016,4,7,200,0.7,COMPLETE
644,644,0.761904761904762,2021-04-13 17:49:07.329314,2021-04-13 17:49:08.116329,0 days 00:00:00.787015,5.1647157630453275,0.8,0.006806990577854915,0.016,9,1,200,0.7,COMPLETE
645,645,0.7407407407407408,2021-04-13 17:49:08.117329,2021-04-13 17:49:08.716771,0 days 00:00:00.599442,0.03150383341249928,0.8,0.014426854476788051,0.018,9,16,200,0.7,COMPLETE
646,646,0.8059701492537313,2021-04-13 17:49:08.717772,2021-04-13 17:49:10.251970,0 days 00:00:01.534198,0.042219679343953306,0.8,0.009256910457923446,0.016,9,1,200,0.7,COMPLETE
647,647,0.7540983606557377,2021-04-13 17:49:10.252971,2021-04-13 17:49:10.909131,0 days 00:00:00.656160,0.0380385280259519,0.8,0.019571843541619942,0.016,9,10,200,0.7,COMPLETE
648,648,0.7540983606557377,2021-04-13 17:49:10.910132,2021-04-13 17:49:11.667168,0 days 00:00:00.757036,0.019043297472506493,0.8,0.010580838141554395,0.016,9,6,200,0.7,COMPLETE
649,649,0.8059701492537313,2021-04-13 17:49:11.668168,2021-04-13 17:49:13.190082,0 days 00:00:01.521914,0.023551859152686757,0.8,0.00894724710332482,0.016,9,1,200,0.7,COMPLETE
650,650,0.7704918032786885,2021-04-13 17:49:13.192084,2021-04-13 17:49:13.794254,0 days 00:00:00.602170,0.05489509078888972,0.8,0.011215719976447328,0.016,9,12,200,0.7,COMPLETE
651,651,0.8,2021-04-13 17:49:13.795341,2021-04-13 17:49:15.313671,0 days 00:00:01.518330,0.03270156749237034,0.8,0.010637471801476287,0.016,9,1,200,0.7,COMPLETE
652,652,0.7603305785123966,2021-04-13 17:49:15.314763,2021-04-13 17:49:16.121574,0 days 00:00:00.806811,0.02929881243846732,0.9,0.012566398856668042,0.014,9,6,200,0.7,COMPLETE
653,653,0.0,2021-04-13 17:49:16.122575,2021-04-13 17:49:16.371561,0 days 00:00:00.248986,0.0667988842795389,0.8,0.00540801992397209,0.016,9,245,200,0.7,COMPLETE
654,654,0.7407407407407408,2021-04-13 17:49:16.373563,2021-04-13 17:49:16.832483,0 days 00:00:00.458920,0.018232495489580898,0.8,0.015221446523579247,0.016,4,17,150,0.7,COMPLETE
655,655,0.8059701492537313,2021-04-13 17:49:16.834484,2021-04-13 17:49:18.341877,0 days 00:00:01.507393,0.03098162786913895,0.8,0.015594398926535606,0.018,9,1,200,0.7,COMPLETE
656,656,0.7603305785123966,2021-04-13 17:49:18.342878,2021-04-13 17:49:19.026446,0 days 00:00:00.683568,0.06692353560416225,0.8,0.0077964983103205945,0.016,9,7,200,0.7,COMPLETE
657,657,0.8059701492537313,2021-04-13 17:49:19.028447,2021-04-13 17:49:20.588758,0 days 00:00:01.560311,0.038035372873243635,0.8,0.012466151652823861,0.016,9,1,200,0.7,COMPLETE
658,658,0.761904761904762,2021-04-13 17:49:20.589759,2021-04-13 17:49:21.253686,0 days 00:00:00.663927,0.048933571825835936,1.0,0.01279930450415508,0.016,5,11,200,0.7,COMPLETE
659,659,0.8059701492537313,2021-04-13 17:49:21.254687,2021-04-13 17:49:22.862640,0 days 00:00:01.607953,0.03972962662397437,0.8,0.00672999624224034,0.016,9,1,200,0.7,COMPLETE
660,660,0.7407407407407408,2021-04-13 17:49:22.864642,2021-04-13 17:49:23.610410,0 days 00:00:00.745768,0.04509499868307017,0.8,0.005110957206357739,0.016,17,22,200,1.0,COMPLETE
661,661,0.7603305785123966,2021-04-13 17:49:23.612410,2021-04-13 17:49:24.339482,0 days 00:00:00.727072,0.026898759984011113,0.8,0.14038149156584703,0.016,9,7,200,0.7,COMPLETE
662,662,0.7575757575757576,2021-04-13 17:49:24.341483,2021-04-13 17:49:24.951661,0 days 00:00:00.610178,0.05457216727824489,0.8,0.009878148951657801,0.018,9,14,200,0.7,COMPLETE
663,663,0.8,2021-04-13 17:49:24.952661,2021-04-13 17:49:26.463527,0 days 00:00:01.510866,0.03678954025227573,0.8,0.019550818246354743,0.016,9,1,200,0.7,COMPLETE
664,664,0.7479674796747967,2021-04-13 17:49:26.465606,2021-04-13 17:49:27.654162,0 days 00:00:01.188556,0.041660586476593056,0.8,0.020486959300543645,0.008,17,8,300,0.7,COMPLETE
665,665,0.7603305785123966,2021-04-13 17:49:27.655163,2021-04-13 17:49:28.368469,0 days 00:00:00.713306,0.02530446546412555,0.7,0.01989260729574323,0.016,9,6,200,0.7,COMPLETE
666,666,0.7704918032786885,2021-04-13 17:49:28.370470,2021-04-13 17:49:28.990830,0 days 00:00:00.620360,0.04796031822705768,0.8,0.016507896865182958,0.016,9,12,200,0.7,COMPLETE
667,667,0.8,2021-04-13 17:49:28.992832,2021-04-13 17:49:30.680559,0 days 00:00:01.687727,0.020652775150498962,0.8,0.014724054479853482,0.016,13,1,200,0.7,COMPLETE
668,668,0.8059701492537313,2021-04-13 17:49:30.681560,2021-04-13 17:49:31.865268,0 days 00:00:01.183708,0.028847751262220837,0.8,0.020919428384728118,0.016,9,1,150,0.7,COMPLETE
669,669,0.7407407407407408,2021-04-13 17:49:31.866267,2021-04-13 17:49:32.294970,0 days 00:00:00.428703,0.028766720173969723,0.8,0.014422794859654291,0.016,9,19,150,0.7,COMPLETE
670,670,0.7540983606557377,2021-04-13 17:49:32.296016,2021-04-13 17:49:33.056533,0 days 00:00:00.760517,0.00764573064414497,0.8,0.012141861972636388,0.012,9,6,200,0.7,COMPLETE
671,671,0.8,2021-04-13 17:49:33.058535,2021-04-13 17:49:34.578438,0 days 00:00:01.519903,0.06076183391679445,0.8,0.00795925158052915,0.016,9,1,200,0.7,COMPLETE
672,672,0.7704918032786885,2021-04-13 17:49:34.580439,2021-04-13 17:49:35.234784,0 days 00:00:00.654345,0.03660621303387338,0.8,0.011082263627037927,0.016,9,11,200,0.7,COMPLETE
673,673,0.7910447761194029,2021-04-13 17:49:35.235783,2021-04-13 17:49:36.794759,0 days 00:00:01.558976,0.07159545970985164,0.9,0.010417128896031533,0.014,9,1,200,0.7,COMPLETE
674,674,0.7540983606557377,2021-04-13 17:49:36.795758,2021-04-13 17:49:37.524254,0 days 00:00:00.728496,0.053748559365665464,0.8,0.008836534354551031,0.016,9,6,200,0.7,COMPLETE
675,675,0.7343750000000001,2021-04-13 17:49:37.525346,2021-04-13 17:49:38.105434,0 days 00:00:00.580088,4.0203420333592765,0.8,0.013133220751856635,0.016,9,13,200,0.7,COMPLETE
676,676,0.7407407407407408,2021-04-13 17:49:38.106433,2021-04-13 17:49:38.622054,0 days 00:00:00.515621,0.015328004680916994,1.0,0.004443251403720652,0.018,9,26,200,0.7,COMPLETE
677,677,0.7540983606557377,2021-04-13 17:49:38.624055,2021-04-13 17:49:39.351691,0 days 00:00:00.727636,0.023272454455175527,0.8,0.005856411065805297,0.018,9,6,200,0.7,COMPLETE
678,678,0.7407407407407408,2021-04-13 17:49:39.353693,2021-04-13 17:49:40.039530,0 days 00:00:00.685837,0.022959064489064908,0.8,0.013966890945924171,0.016,17,17,200,0.7,COMPLETE
679,679,0.7575757575757576,2021-04-13 17:49:40.040531,2021-04-13 17:49:40.922368,0 days 00:00:00.881837,0.017670306271094487,0.8,0.00902802500735078,0.02,5,1,200,1.0,COMPLETE
680,680,0.8059701492537313,2021-04-13 17:49:40.923369,2021-04-13 17:49:42.426564,0 days 00:00:01.503195,0.04432975475394292,0.8,0.0077669957988651325,0.016,9,1,200,0.7,COMPLETE
681,681,0.7666666666666666,2021-04-13 17:49:42.428566,2021-04-13 17:49:43.096218,0 days 00:00:00.667652,0.7634118440341997,0.8,0.018188220076774824,0.009,13,10,200,0.7,COMPLETE
682,682,0.7540983606557377,2021-04-13 17:49:43.098220,2021-04-13 17:49:43.783511,0 days 00:00:00.685291,0.022738311492625844,0.8,0.018232492528382067,0.016,4,6,200,0.7,COMPLETE
683,683,0.7462686567164178,2021-04-13 17:49:43.784512,2021-04-13 17:49:44.372839,0 days 00:00:00.588327,0.032237935069200876,0.8,0.015700016624935562,0.02,9,15,200,0.7,COMPLETE
684,684,0.8,2021-04-13 17:49:44.373839,2021-04-13 17:49:45.872930,0 days 00:00:01.499091,0.02553556147742922,0.8,0.0069619498885388036,0.016,9,1,200,0.7,COMPLETE
685,685,0.7603305785123966,2021-04-13 17:49:45.873931,2021-04-13 17:49:46.569176,0 days 00:00:00.695245,0.053624321628326206,0.8,0.0089729231624836,0.008,9,7,200,0.7,COMPLETE
686,686,0.7704918032786885,2021-04-13 17:49:46.570177,2021-04-13 17:49:47.189395,0 days 00:00:00.619218,0.03145924354162178,0.8,0.013697402730102705,0.016,9,11,200,0.7,COMPLETE
687,687,0.8,2021-04-13 17:49:47.190396,2021-04-13 17:49:48.990232,0 days 00:00:01.799836,0.04516434614924758,0.8,0.01069316403416028,0.016,17,1,200,0.7,COMPLETE
688,688,0.0,2021-04-13 17:49:48.991233,2021-04-13 17:49:49.445142,0 days 00:00:00.453909,0.058101150156020076,0.8,0.02046521690037057,0.016,9,69,200,0.7,COMPLETE
689,689,0.0,2021-04-13 17:49:49.447141,2021-04-13 17:49:49.832186,0 days 00:00:00.385045,0.03642983121187054,0.7,0.011670019450421792,0.016,9,87,150,0.7,COMPLETE
690,690,0.0,2021-04-13 17:49:49.834188,2021-04-13 17:49:50.087949,0 days 00:00:00.253761,7.729829014117363,0.8,0.008205057966612068,0.016,9,288,200,0.7,COMPLETE
691,691,0.8059701492537313,2021-04-13 17:49:50.088950,2021-04-13 17:49:51.293884,0 days 00:00:01.204934,0.026321354307266242,0.8,0.006375366348466382,0.016,9,1,150,0.7,COMPLETE
692,692,0.8059701492537313,2021-04-13 17:49:51.294980,2021-04-13 17:49:52.557310,0 days 00:00:01.262330,0.0243872358113632,0.8,0.017746975446717016,0.016,9,1,150,0.7,COMPLETE
693,693,0.7407407407407408,2021-04-13 17:49:52.558311,2021-04-13 17:49:52.995671,0 days 00:00:00.437360,0.03152232816672892,0.8,0.016350587245031186,0.016,9,20,150,0.7,COMPLETE
694,694,0.7603305785123966,2021-04-13 17:49:52.997673,2021-04-13 17:49:53.572059,0 days 00:00:00.574386,0.01828853898051868,0.9,0.021457864446033856,0.018,9,7,150,0.7,COMPLETE
695,695,0.8,2021-04-13 17:49:53.574061,2021-04-13 17:49:55.080400,0 days 00:00:01.506339,0.029536079600952912,0.8,0.012041294658023362,0.016,9,1,200,0.7,COMPLETE
696,696,0.7603305785123966,2021-04-13 17:49:55.081401,2021-04-13 17:49:55.776149,0 days 00:00:00.694748,0.049110079260608855,0.8,0.009206165290171653,0.016,9,7,200,0.7,COMPLETE
697,697,0.8059701492537313,2021-04-13 17:49:55.777150,2021-04-13 17:49:57.320178,0 days 00:00:01.543028,0.012780771353806957,0.8,0.015339682740940646,0.018,9,1,200,0.7,COMPLETE
698,698,0.7407407407407408,2021-04-13 17:49:57.321179,2021-04-13 17:49:57.892810,0 days 00:00:00.571631,0.03835275462521776,0.8,0.007531553130244907,0.016,9,15,200,0.7,COMPLETE
699,699,0.8059701492537313,2021-04-13 17:49:57.893811,2021-04-13 17:49:59.101948,0 days 00:00:01.208137,0.02949340498215609,0.8,0.016777422312264964,0.016,9,1,150,0.7,COMPLETE
700,700,0.7603305785123966,2021-04-13 17:49:59.102949,2021-04-13 17:49:59.613300,0 days 00:00:00.510351,0.03628235083590862,0.8,0.011632290125159825,0.016,9,10,150,0.7,COMPLETE
701,701,0.761904761904762,2021-04-13 17:49:59.615301,2021-04-13 17:50:00.281819,0 days 00:00:00.666518,0.0329962346624285,1.0,0.0035352494463957865,0.016,5,6,150,1.0,COMPLETE
702,702,0.7969924812030075,2021-04-13 17:50:00.282820,2021-04-13 17:50:01.512087,0 days 00:00:01.229267,0.023447738579903888,0.8,0.022443524728814716,0.012,9,1,150,0.7,COMPLETE
703,703,0.7642276422764227,2021-04-13 17:50:01.513089,2021-04-13 17:50:02.456156,0 days 00:00:00.943067,0.020554841988926754,0.8,0.013735644096964992,0.016,7,11,300,0.7,COMPLETE
704,704,0.8059701492537313,2021-04-13 17:50:02.458157,2021-04-13 17:50:04.043731,0 days 00:00:01.585574,0.026321036672803895,0.8,0.008487421336211706,0.016,9,1,200,0.7,COMPLETE
705,705,0.7407407407407408,2021-04-13 17:50:04.044813,2021-04-13 17:50:04.624903,0 days 00:00:00.580090,0.07473462487328408,0.8,0.010450613900358787,0.016,9,16,200,0.7,COMPLETE
706,706,0.8059701492537313,2021-04-13 17:50:04.625903,2021-04-13 17:50:06.128807,0 days 00:00:01.502904,0.02078751972922585,0.8,0.01275169662576573,0.018,9,1,200,0.7,COMPLETE
707,707,0.7603305785123966,2021-04-13 17:50:06.129808,2021-04-13 17:50:06.854853,0 days 00:00:00.725045,0.02424889586556032,0.8,0.013088596741670991,0.018,9,7,200,0.7,COMPLETE
708,708,0.8059701492537313,2021-04-13 17:50:06.855852,2021-04-13 17:50:08.081366,0 days 00:00:01.225514,0.017053968670457137,0.8,0.015085830886407215,0.018,9,1,150,0.7,COMPLETE
709,709,0.7407407407407408,2021-04-13 17:50:08.082367,2021-04-13 17:50:08.575453,0 days 00:00:00.493086,0.01063855306794812,0.8,0.02205008305608411,0.018,17,22,150,0.7,COMPLETE
710,710,0.7540983606557377,2021-04-13 17:50:08.577453,2021-04-13 17:50:09.365367,0 days 00:00:00.787914,0.013325454428451306,0.8,0.005101747980068684,0.018,9,6,200,0.7,COMPLETE
711,711,0.7407407407407408,2021-04-13 17:50:09.366369,2021-04-13 17:50:09.907187,0 days 00:00:00.540818,0.041031153539031216,0.8,0.005750705480001494,0.016,9,30,200,0.7,COMPLETE
712,712,0.7704918032786885,2021-04-13 17:50:09.908188,2021-04-13 17:50:10.552384,0 days 00:00:00.644196,0.034582754400861435,0.8,0.018141191270108093,0.016,9,12,200,0.7,COMPLETE
713,713,0.8,2021-04-13 17:50:10.553385,2021-04-13 17:50:12.032259,0 days 00:00:01.478874,0.06041430599608691,0.8,0.01003473770498811,0.018,9,1,200,0.7,COMPLETE
714,714,0.7540983606557377,2021-04-13 17:50:12.034261,2021-04-13 17:50:12.780666,0 days 00:00:00.746405,0.041745362536704966,0.8,0.0044585700901460515,0.018,9,6,200,0.7,COMPLETE
715,715,0.8059701492537313,2021-04-13 17:50:12.781666,2021-04-13 17:50:14.282790,0 days 00:00:01.501124,0.03677557041190505,0.8,0.009842841826992271,0.016,9,1,200,0.7,COMPLETE
716,716,0.7704918032786885,2021-04-13 17:50:14.283790,2021-04-13 17:50:14.763737,0 days 00:00:00.479947,0.029041582974852518,0.8,0.008789470018571097,0.018,9,12,150,0.7,COMPLETE
717,717,0.7407407407407408,2021-04-13 17:50:14.764824,2021-04-13 17:50:15.365300,0 days 00:00:00.600476,0.01874989346897424,0.9,0.011388816116424502,0.016,13,16,200,0.7,COMPLETE
718,718,0.7603305785123966,2021-04-13 17:50:15.367303,2021-04-13 17:50:15.924540,0 days 00:00:00.557237,0.02356793558123668,0.8,0.019185205660404842,0.016,4,7,150,0.7,COMPLETE
719,719,0.8,2021-04-13 17:50:15.926542,2021-04-13 17:50:17.477772,0 days 00:00:01.551230,0.04780546501252404,0.8,0.006584695447162122,0.016,9,1,200,0.7,COMPLETE
720,720,0.7642276422764227,2021-04-13 17:50:17.479774,2021-04-13 17:50:18.149852,0 days 00:00:00.670078,0.04411961973471633,0.8,0.00725618817031033,0.016,9,9,200,0.7,COMPLETE
721,721,0.7969924812030075,2021-04-13 17:50:18.151853,2021-04-13 17:50:19.760509,0 days 00:00:01.608656,0.03495178090674811,0.8,0.015957871676868945,0.014,9,1,200,0.7,COMPLETE
722,722,0.7407407407407408,2021-04-13 17:50:19.762513,2021-04-13 17:50:20.312184,0 days 00:00:00.549671,0.060492872527787046,0.8,0.008447038921647762,0.016,9,19,200,0.7,COMPLETE
723,723,0.8059701492537313,2021-04-13 17:50:20.313185,2021-04-13 17:50:21.488101,0 days 00:00:01.174916,0.012305962024782163,0.8,0.017480558572343183,0.018,9,1,150,0.7,COMPLETE
724,724,0.7642276422764227,2021-04-13 17:50:21.489102,2021-04-13 17:50:22.127247,0 days 00:00:00.638145,0.0029615984818305223,0.7,0.009195953297760054,0.018,9,11,200,0.7,COMPLETE
725,725,0.7603305785123966,2021-04-13 17:50:22.128248,2021-04-13 17:50:22.834445,0 days 00:00:00.706197,0.0169781617327558,0.8,0.007374825680644393,0.016,17,6,150,0.7,COMPLETE
726,726,0.8059701492537313,2021-04-13 17:50:22.836530,2021-04-13 17:50:24.061609,0 days 00:00:01.225079,0.009462892885431371,0.8,0.006118936156958258,0.016,9,1,150,0.7,COMPLETE
727,727,0.8059701492537313,2021-04-13 17:50:24.062610,2021-04-13 17:50:25.268105,0 days 00:00:01.205495,0.00724191345231788,0.8,0.0046627354031867135,0.016,9,1,150,0.7,COMPLETE
728,728,0.7603305785123966,2021-04-13 17:50:25.269105,2021-04-13 17:50:25.849479,0 days 00:00:00.580374,0.005193609626955262,0.8,0.004771243163620541,0.016,9,6,150,0.7,COMPLETE
729,729,0.7575757575757576,2021-04-13 17:50:25.851481,2021-04-13 17:50:26.300981,0 days 00:00:00.449500,0.029430243817949717,0.8,0.017417826492887624,0.016,9,15,150,0.7,COMPLETE
730,730,0.7786259541984734,2021-04-13 17:50:26.301981,2021-04-13 17:50:27.390859,0 days 00:00:01.088878,0.024720376798632062,1.0,0.00655524812231157,0.016,7,1,150,0.7,COMPLETE
731,731,0.7704918032786885,2021-04-13 17:50:27.391860,2021-04-13 17:50:28.000487,0 days 00:00:00.608627,0.02850034135176147,0.8,0.014416388388483078,0.016,5,11,200,0.7,COMPLETE
732,732,0.7580645161290324,2021-04-13 17:50:28.001488,2021-04-13 17:50:28.859482,0 days 00:00:00.857994,0.04973997672575065,0.8,0.010017812694764016,0.016,9,6,200,1.0,COMPLETE
733,733,0.8059701492537313,2021-04-13 17:50:28.861483,2021-04-13 17:50:30.028348,0 days 00:00:01.166865,0.013415067985797073,0.8,0.013244359244072041,0.018,9,1,150,0.7,COMPLETE
734,734,0.7407407407407408,2021-04-13 17:50:30.030349,2021-04-13 17:50:30.458737,0 days 00:00:00.428388,0.012849523497036495,0.8,0.011353668993621764,0.018,9,25,150,0.7,COMPLETE
735,735,0.8059701492537313,2021-04-13 17:50:30.459738,2021-04-13 17:50:31.667360,0 days 00:00:01.207622,0.011289519929685542,0.8,0.014302867542268182,0.018,9,1,150,0.7,COMPLETE
736,736,0.7666666666666666,2021-04-13 17:50:31.669362,2021-04-13 17:50:32.261067,0 days 00:00:00.591705,0.009478845321699535,0.8,0.006873983262218407,0.009,15,11,150,1.0,COMPLETE
737,737,0.7407407407407408,2021-04-13 17:50:32.262067,2021-04-13 17:50:32.944497,0 days 00:00:00.682430,0.034702478856934435,0.8,0.01999067957428981,0.016,17,17,200,0.7,COMPLETE
738,738,0.7603305785123966,2021-04-13 17:50:32.945585,2021-04-13 17:50:33.552439,0 days 00:00:00.606854,0.023280393925560642,0.8,0.005806326319918423,0.018,9,6,150,0.7,COMPLETE
739,739,0.8059701492537313,2021-04-13 17:50:33.554441,2021-04-13 17:50:34.779794,0 days 00:00:01.225353,0.029414824226055455,0.8,0.02403160248763754,0.016,9,1,150,0.7,COMPLETE
740,740,0.7580645161290324,2021-04-13 17:50:34.780795,2021-04-13 17:50:35.733043,0 days 00:00:00.952248,0.07524688313500504,0.8,0.008254514998526877,0.016,9,10,300,0.7,COMPLETE
741,741,0.8,2021-04-13 17:50:35.735043,2021-04-13 17:50:37.317911,0 days 00:00:01.582868,0.0157928138529305,0.8,0.006078360867543179,0.018,9,1,200,0.7,COMPLETE
742,742,0.7603305785123966,2021-04-13 17:50:37.318912,2021-04-13 17:50:38.082324,0 days 00:00:00.763412,0.03735175905443392,0.8,0.013102674315515999,0.008,9,7,200,0.7,COMPLETE
743,743,0.787878787878788,2021-04-13 17:50:38.083325,2021-04-13 17:50:39.335819,0 days 00:00:01.252494,0.015025587564371102,0.8,0.0164679714294966,0.012,9,1,150,0.7,COMPLETE
744,744,0.7559055118110236,2021-04-13 17:50:39.337819,2021-04-13 17:50:39.968551,0 days 00:00:00.630732,0.017633695653766483,0.8,0.012417241620739984,0.018,9,13,200,0.7,COMPLETE
745,745,0.8059701492537313,2021-04-13 17:50:39.969552,2021-04-13 17:50:41.185005,0 days 00:00:01.215453,0.025137061795846714,0.8,0.005621397460117007,0.016,9,1,150,0.7,COMPLETE
746,746,0.0,2021-04-13 17:50:41.186006,2021-04-13 17:50:41.661089,0 days 00:00:00.475083,0.039949148484222145,0.8,0.007485757366577409,0.016,9,54,200,0.7,COMPLETE
747,747,0.7603305785123966,2021-04-13 17:50:41.662090,2021-04-13 17:50:42.280724,0 days 00:00:00.618634,0.021902686757402052,0.8,0.016965620740465447,0.016,9,6,150,0.7,COMPLETE
748,748,0.7441860465116279,2021-04-13 17:50:42.282726,2021-04-13 17:50:42.706864,0 days 00:00:00.424138,0.021205276297795523,0.7,0.023456018990669524,0.016,4,17,150,0.7,COMPLETE
749,749,0.8059701492537313,2021-04-13 17:50:42.707866,2021-04-13 17:50:43.876709,0 days 00:00:01.168843,0.01803658888773162,0.8,0.01783306373294101,0.018,9,1,150,0.7,COMPLETE
