,number,value,datetime_start,datetime_complete,duration,params_alpha,params_colsample_bytree,params_lambda,params_learning_rate,params_max_depth,params_min_child_weight,params_n_estimators,params_subsample,state
252,252,0.7804878048780488,2021-04-13 17:37:41.242797,2021-04-13 17:37:43.072070,0 days 00:00:01.829273,0.13074630515400593,0.5,0.013093501055408541,0.016,11,7,3000,0.8,COMPLETE
253,253,0.7704918032786885,2021-04-13 17:37:43.073071,2021-04-13 17:37:50.226895,0 days 00:00:07.153824,0.1608136049843065,0.5,0.02147318917758365,0.016,11,16,3000,0.8,COMPLETE
254,254,0.785185185185185,2021-04-13 17:37:50.227896,2021-04-13 17:37:53.582444,0 days 00:00:03.354548,0.09182442912449305,0.5,0.0071302848366051365,0.016,11,1,3000,0.8,COMPLETE
255,255,0.7804878048780488,2021-04-13 17:37:53.583445,2021-04-13 17:37:55.539432,0 days 00:00:01.955987,0.11719296389995619,0.5,0.03680666440238451,0.016,11,7,3000,0.8,COMPLETE
256,256,0.7580645161290324,2021-04-13 17:37:55.540432,2021-04-13 17:37:57.850125,0 days 00:00:02.309693,0.16268067446058918,0.8,0.01645404842121578,0.018,15,13,3000,0.8,COMPLETE
257,257,0.0,2021-04-13 17:37:57.851126,2021-04-13 17:37:58.090274,0 days 00:00:00.239148,0.07127800561728838,0.5,0.012805728490210394,0.016,11,286,3000,0.8,COMPLETE
258,258,0.785185185185185,2021-04-13 17:37:58.092275,2021-04-13 17:38:01.446524,0 days 00:00:03.354249,0.1325284392543314,0.5,0.028025815153782073,0.016,11,1,3000,0.8,COMPLETE
259,259,0.7679999999999999,2021-04-13 17:38:01.448526,2021-04-13 17:38:03.056595,0 days 00:00:01.608069,0.10532844712174907,0.5,0.018228796262956076,0.016,5,8,3000,0.8,COMPLETE
260,260,0.7941176470588236,2021-04-13 17:38:03.058597,2021-04-13 17:38:05.755697,0 days 00:00:02.697100,0.1648131713177806,0.5,0.015448380129886261,0.016,11,1,3000,0.8,COMPLETE
261,261,0.8088235294117647,2021-04-13 17:38:05.756697,2021-04-13 17:38:08.469019,0 days 00:00:02.712322,0.08818087966686733,0.5,0.023721072046893957,0.016,11,1,3000,0.8,COMPLETE
262,262,0.7479674796747967,2021-04-13 17:38:08.471021,2021-04-13 17:38:10.391063,0 days 00:00:01.920042,0.08681828750860289,0.5,0.022192418740520917,0.016,11,6,3000,0.8,COMPLETE
263,263,0.7603305785123966,2021-04-13 17:38:10.392064,2021-04-13 17:38:17.561677,0 days 00:00:07.169613,0.056590137830400004,0.5,0.004479667767321152,0.016,11,16,3000,0.8,COMPLETE
264,264,0.7669172932330827,2021-04-13 17:38:17.562677,2021-04-13 17:38:18.741739,0 days 00:00:01.179062,0.09871644103882375,0.5,0.03283041840535888,0.014,11,1,200,0.8,COMPLETE
265,265,0.761904761904762,2021-04-13 17:38:18.742740,2021-04-13 17:38:20.292657,0 days 00:00:01.549917,0.1416215406545436,0.5,0.02482021297843469,0.016,11,11,3000,0.8,COMPLETE
266,266,0.7679999999999999,2021-04-13 17:38:20.293658,2021-04-13 17:38:25.563450,0 days 00:00:05.269792,0.2023819202737004,0.5,0.010475302305909503,0.016,11,20,3000,0.8,COMPLETE
267,267,0.785185185185185,2021-04-13 17:38:25.564451,2021-04-13 17:38:29.070328,0 days 00:00:03.505877,0.06924031897889356,0.5,0.028795556280004096,0.016,17,1,3000,0.8,COMPLETE
268,268,0.7559055118110236,2021-04-13 17:38:29.071329,2021-04-13 17:38:30.864139,0 days 00:00:01.792810,0.08556363742188627,0.5,0.038219014687985435,0.016,11,7,3000,0.7,COMPLETE
269,269,0.8,2021-04-13 17:38:30.866220,2021-04-13 17:38:33.571645,0 days 00:00:02.705425,0.121824096822078,0.5,0.018980684037610333,0.016,11,1,3000,0.8,COMPLETE
270,270,0.7692307692307692,2021-04-13 17:38:33.572646,2021-04-13 17:38:35.363772,0 days 00:00:01.791126,0.17063462975633473,0.5,0.023689589236934105,0.012,11,12,3000,0.8,COMPLETE
271,271,0.7419354838709676,2021-04-13 17:38:35.364867,2021-04-13 17:38:38.813663,0 days 00:00:03.448796,0.11136045055869699,0.5,0.019421079252897478,0.009,11,6,3000,0.8,COMPLETE
272,272,0.7559055118110236,2021-04-13 17:38:38.814747,2021-04-13 17:38:40.923212,0 days 00:00:02.108465,0.09965650755467931,0.7,0.017691966294509153,0.016,11,6,3000,0.8,COMPLETE
273,273,0.7479674796747967,2021-04-13 17:38:40.925295,2021-04-13 17:38:48.345242,0 days 00:00:07.419947,0.11215727846769967,0.5,0.013948349116342433,0.016,11,15,3000,1.0,COMPLETE
274,274,0.7846153846153846,2021-04-13 17:38:48.347243,2021-04-13 17:38:49.389981,0 days 00:00:01.042738,0.13944045118716983,0.9,0.01934063739702688,0.016,4,1,3000,0.8,COMPLETE
275,275,0.8,2021-04-13 17:38:49.390982,2021-04-13 17:38:51.997978,0 days 00:00:02.606996,0.136049698679945,0.5,0.024682434977201965,0.016,11,1,3000,0.8,COMPLETE
276,276,0.0,2021-04-13 17:38:51.998979,2021-04-13 17:38:52.346961,0 days 00:00:00.347982,0.05109964146897979,0.5,0.045952521346077864,0.016,9,82,150,0.8,COMPLETE
277,277,0.761904761904762,2021-04-13 17:38:52.348963,2021-04-13 17:38:53.863754,0 days 00:00:01.514791,0.21147726618634108,0.5,0.024846840087832413,0.016,11,11,3000,0.8,COMPLETE
278,278,0.7819548872180452,2021-04-13 17:38:53.864846,2021-04-13 17:38:56.681101,0 days 00:00:02.816255,0.07886986792110215,0.5,0.03239996820593969,0.016,11,1,3000,0.8,COMPLETE
279,279,0.7666666666666666,2021-04-13 17:38:56.682102,2021-04-13 17:39:03.764166,0 days 00:00:07.082064,0.09172147632589701,0.5,0.04347755380536021,0.016,11,21,3000,0.8,COMPLETE
280,280,0.0,2021-04-13 17:39:03.765260,2021-04-13 17:39:06.813407,0 days 00:00:03.048147,0.1324232341046582,1.0,0.015254234931365311,0.016,11,140,3000,0.8,COMPLETE
281,281,0.752,2021-04-13 17:39:06.814407,2021-04-13 17:39:08.732167,0 days 00:00:01.917760,0.1804073682931473,0.5,0.030543578523748168,0.018,11,7,3000,0.8,COMPLETE
282,282,0.785185185185185,2021-04-13 17:39:08.733168,2021-04-13 17:39:12.150876,0 days 00:00:03.417708,0.15317435921978817,0.5,0.008243689267959348,0.016,11,1,3000,0.8,COMPLETE
283,283,0.7479674796747967,2021-04-13 17:39:12.151877,2021-04-13 17:39:14.051501,0 days 00:00:01.899624,0.11110757799218621,0.5,0.012377542361386468,0.016,11,6,3000,0.8,COMPLETE
284,284,0.7751937984496124,2021-04-13 17:39:14.053503,2021-04-13 17:39:15.571362,0 days 00:00:01.517859,0.009791608107123833,0.5,0.03601666402728095,0.016,11,12,3000,0.8,COMPLETE
285,285,0.7941176470588236,2021-04-13 17:39:15.573363,2021-04-13 17:39:18.219006,0 days 00:00:02.645643,0.16425872111549233,0.5,0.005969816501894343,0.016,11,1,3000,0.8,COMPLETE
286,286,0.0,2021-04-13 17:39:18.221008,2021-04-13 17:39:18.463136,0 days 00:00:00.242128,0.13866931197553348,0.5,0.02578136225014289,0.014,11,211,3000,0.8,COMPLETE
287,287,0.7910447761194029,2021-04-13 17:39:18.465219,2021-04-13 17:39:21.215029,0 days 00:00:02.749810,0.06397524898961342,0.5,0.08217342830923127,0.016,11,1,3000,0.8,COMPLETE
288,288,0.7479674796747967,2021-04-13 17:39:21.217029,2021-04-13 17:39:23.025378,0 days 00:00:01.808349,0.08058345450035992,0.8,0.021897173705674147,0.016,15,7,3000,0.8,COMPLETE
289,289,0.7804878048780488,2021-04-13 17:39:23.026377,2021-04-13 17:39:27.995016,0 days 00:00:04.968639,0.19863086925537768,0.5,0.015398497147748292,0.016,11,17,3000,0.8,COMPLETE
290,290,0.7910447761194029,2021-04-13 17:39:27.996015,2021-04-13 17:39:30.767346,0 days 00:00:02.771331,0.11329407224775463,0.5,0.01791104558739782,0.016,11,1,3000,0.8,COMPLETE
291,291,0.761904761904762,2021-04-13 17:39:30.769348,2021-04-13 17:39:33.644803,0 days 00:00:02.875455,0.2149946248196433,0.5,0.02690886136240626,0.012,11,10,3000,0.8,COMPLETE
292,292,0.7419354838709676,2021-04-13 17:39:33.645802,2021-04-13 17:39:37.018864,0 days 00:00:03.373062,0.09857282022273603,0.5,0.021832425006066795,0.009,11,6,3000,0.8,COMPLETE
293,293,0.7910447761194029,2021-04-13 17:39:37.019865,2021-04-13 17:39:37.792697,0 days 00:00:00.772832,0.12749977297634435,0.5,0.01910838542918648,0.016,5,1,200,0.8,COMPLETE
294,294,0.7751937984496124,2021-04-13 17:39:37.793698,2021-04-13 17:39:39.385514,0 days 00:00:01.591816,0.1701809107610824,0.5,0.013183974344545513,0.016,11,12,3000,0.8,COMPLETE
295,295,0.7910447761194029,2021-04-13 17:39:39.386513,2021-04-13 17:39:42.844968,0 days 00:00:03.458455,0.24218449516090576,0.5,0.010544291292105072,0.016,11,1,3000,0.8,COMPLETE
296,296,0.7407407407407408,2021-04-13 17:39:42.845967,2021-04-13 17:39:45.020335,0 days 00:00:02.174368,0.11867064867331656,0.5,0.01816144382347556,0.016,11,24,3000,0.7,COMPLETE
297,297,0.7559055118110236,2021-04-13 17:39:45.021336,2021-04-13 17:39:47.429623,0 days 00:00:02.408287,0.1498448497885233,0.5,0.048885046400540096,0.016,11,6,3000,0.8,COMPLETE
298,298,0.7540983606557377,2021-04-13 17:39:47.431624,2021-04-13 17:39:52.595432,0 days 00:00:05.163808,0.1377889310863497,0.5,0.015506357755303866,0.016,11,17,3000,0.8,COMPLETE
299,299,0.8,2021-04-13 17:39:52.596433,2021-04-13 17:39:55.682542,0 days 00:00:03.086109,0.08400622108643041,0.5,0.020391725418280136,0.016,11,1,3000,0.8,COMPLETE
300,300,0.785185185185185,2021-04-13 17:39:55.683543,2021-04-13 17:39:58.837796,0 days 00:00:03.154253,0.07658400171964554,0.5,0.02136133735566488,0.016,11,1,3000,0.8,COMPLETE
301,301,0.761904761904762,2021-04-13 17:39:58.839798,2021-04-13 17:40:00.406440,0 days 00:00:01.566642,0.10251130876120215,0.5,0.013286978568043496,0.016,11,11,3000,0.8,COMPLETE
302,302,0.0,2021-04-13 17:40:00.408441,2021-04-13 17:40:01.198784,0 days 00:00:00.790343,0.1763362291648033,0.5,0.027177691144023783,0.016,11,102,3000,0.8,COMPLETE
303,303,0.7656250000000001,2021-04-13 17:40:01.200786,2021-04-13 17:40:01.677125,0 days 00:00:00.476339,0.1910070787191201,0.5,0.034261943767080624,0.018,11,7,150,0.8,COMPLETE
304,304,0.7883211678832117,2021-04-13 17:40:01.679127,2021-04-13 17:40:05.026437,0 days 00:00:03.347310,0.11833745523630215,0.7,0.03923437637766302,0.016,17,1,3000,0.8,COMPLETE
305,305,0.7540983606557377,2021-04-13 17:40:05.027438,2021-04-13 17:40:12.428577,0 days 00:00:07.401139,0.06417180534120182,0.5,0.023001256223660973,0.016,11,16,3000,1.0,COMPLETE
306,306,0.7741935483870968,2021-04-13 17:40:12.429578,2021-04-13 17:40:14.332406,0 days 00:00:01.902828,0.1403013994842249,0.5,0.025536431060651822,0.016,11,7,3000,0.8,COMPLETE
307,307,0.7786259541984734,2021-04-13 17:40:14.334409,2021-04-13 17:40:15.764192,0 days 00:00:01.429783,0.08657054483870649,0.9,0.015879674775454516,0.01,4,1,3000,0.8,COMPLETE
308,308,0.7679999999999999,2021-04-13 17:40:15.765288,2021-04-13 17:40:17.348179,0 days 00:00:01.582891,0.10219863136480001,0.5,0.05675356220115616,0.016,9,9,3000,0.8,COMPLETE
309,309,0.8,2021-04-13 17:40:17.349180,2021-04-13 17:40:20.032327,0 days 00:00:02.683147,0.15102509663356206,0.5,0.010231132282334647,0.016,11,1,3000,0.8,COMPLETE
310,310,0.8088235294117647,2021-04-13 17:40:20.033328,2021-04-13 17:40:22.786084,0 days 00:00:02.752756,0.15397893639075813,0.5,0.008697042186996344,0.016,11,1,3000,0.8,COMPLETE
311,311,0.7751937984496124,2021-04-13 17:40:22.788085,2021-04-13 17:40:24.396962,0 days 00:00:01.608877,0.10215060960859439,0.5,0.006552445752019924,0.016,11,13,3000,0.8,COMPLETE
312,312,0.7441860465116279,2021-04-13 17:40:24.397963,2021-04-13 17:40:26.790706,0 days 00:00:02.392743,0.17077236111438615,1.0,0.007935427169532362,0.016,11,6,3000,0.8,COMPLETE
313,313,0.0,2021-04-13 17:40:26.792708,2021-04-13 17:40:27.027612,0 days 00:00:00.234904,0.14869284643135633,0.5,0.012105695241117364,0.016,11,262,3000,0.8,COMPLETE
314,314,0.7462686567164178,2021-04-13 17:40:27.028613,2021-04-13 17:40:32.493380,0 days 00:00:05.464767,0.23577271392709095,0.5,0.019272874043093326,0.009,11,21,3000,0.8,COMPLETE
315,315,0.785185185185185,2021-04-13 17:40:32.494381,2021-04-13 17:40:35.614041,0 days 00:00:03.119660,0.07937541187534486,0.5,0.010505658312096013,0.016,11,1,3000,0.8,COMPLETE
316,316,0.761904761904762,2021-04-13 17:40:35.615127,2021-04-13 17:40:37.143282,0 days 00:00:01.528155,0.11893793747473165,0.5,0.029630308220122956,0.016,11,11,3000,0.8,COMPLETE
317,317,0.0,2021-04-13 17:40:37.145369,2021-04-13 17:40:37.951926,0 days 00:00:00.806557,0.20040551855408806,0.5,0.03188828995679118,0.014,11,71,3000,0.8,COMPLETE
318,318,0.7910447761194029,2021-04-13 17:40:37.952926,2021-04-13 17:40:40.652757,0 days 00:00:02.699831,0.11661274081159416,0.5,0.018930142877518978,0.016,11,1,3000,0.8,COMPLETE
319,319,0.7479674796747967,2021-04-13 17:40:40.653758,2021-04-13 17:40:42.514832,0 days 00:00:01.861074,0.06875141664273804,0.5,0.00873007205200759,0.02,11,6,3000,0.8,COMPLETE
320,320,0.7704918032786885,2021-04-13 17:40:42.516832,2021-04-13 17:40:49.937727,0 days 00:00:07.420895,0.13308232832026565,0.5,0.003684936563736999,0.016,11,15,3000,0.8,COMPLETE
321,321,0.7969924812030075,2021-04-13 17:40:49.938728,2021-04-13 17:40:52.156480,0 days 00:00:02.217752,0.05234892102050596,0.8,0.022647084644236714,0.016,11,1,3000,0.8,COMPLETE
322,322,0.7559055118110236,2021-04-13 17:40:52.157481,2021-04-13 17:40:53.893455,0 days 00:00:01.735974,0.0883405472141047,0.5,0.016796044658431323,0.016,11,7,3000,0.7,COMPLETE
323,323,0.8,2021-04-13 17:40:53.894456,2021-04-13 17:40:56.810040,0 days 00:00:02.915584,0.08759148525620192,0.5,0.062179089860801715,0.016,15,1,3000,0.8,COMPLETE
324,324,0.7633587786259542,2021-04-13 17:40:56.811041,2021-04-13 17:40:57.426286,0 days 00:00:00.615245,0.24492912778308173,0.5,0.04606097091480037,0.02,11,11,200,0.8,COMPLETE
325,325,0.7761194029850746,2021-04-13 17:40:57.427287,2021-04-13 17:40:59.370694,0 days 00:00:01.943407,0.16784199744185424,0.5,0.008307823355734595,0.016,5,1,3000,0.8,COMPLETE
326,326,0.7679999999999999,2021-04-13 17:40:59.371695,2021-04-13 17:41:05.580244,0 days 00:00:06.208549,0.1475939961696667,0.5,0.009780671868204386,0.016,11,19,3000,0.8,COMPLETE
327,327,0.7479674796747967,2021-04-13 17:41:05.581245,2021-04-13 17:41:07.465447,0 days 00:00:01.884202,0.12162742539446877,0.5,0.0266816576578237,0.016,11,6,3000,0.8,COMPLETE
328,328,0.7559055118110236,2021-04-13 17:41:07.466446,2021-04-13 17:41:10.912828,0 days 00:00:03.446382,0.0759962573397989,0.5,0.04036297159171626,0.012,15,6,3000,0.8,COMPLETE
329,329,0.7580645161290324,2021-04-13 17:41:10.913830,2021-04-13 17:41:18.381593,0 days 00:00:07.467763,0.09593491736266972,0.5,0.022931077551027364,0.01,11,14,3000,0.8,COMPLETE
330,330,0.7819548872180452,2021-04-13 17:41:18.383594,2021-04-13 17:41:21.155486,0 days 00:00:02.771892,0.0972596653598522,0.5,0.06818395735953282,0.016,15,1,3000,1.0,COMPLETE
331,331,0.7941176470588236,2021-04-13 17:41:21.156523,2021-04-13 17:41:23.930983,0 days 00:00:02.774460,0.15243575164130016,0.5,0.014643342719193372,0.016,11,1,3000,0.8,COMPLETE
332,332,0.7679999999999999,2021-04-13 17:41:23.931984,2021-04-13 17:41:25.322698,0 days 00:00:01.390714,0.19377356836540774,0.5,0.005433915994945787,0.02,11,10,3000,0.8,COMPLETE
333,333,0.7407407407407408,2021-04-13 17:41:25.323699,2021-04-13 17:41:27.487447,0 days 00:00:02.163748,0.12495428206469446,0.5,0.013574583638192148,0.016,11,26,3000,0.8,COMPLETE
334,334,0.7596899224806202,2021-04-13 17:41:27.488448,2021-04-13 17:41:27.995362,0 days 00:00:00.506914,0.1802369305495533,0.5,0.01151766854885344,0.016,11,6,150,0.8,COMPLETE
335,335,0.7941176470588236,2021-04-13 17:41:27.996363,2021-04-13 17:41:31.361046,0 days 00:00:03.364683,0.1532880480275464,0.7,0.01790392294562134,0.016,17,1,3000,0.8,COMPLETE
336,336,0.7751937984496124,2021-04-13 17:41:31.362047,2021-04-13 17:41:33.116627,0 days 00:00:01.754580,0.13041631966340717,0.5,0.01531519486182559,0.016,11,12,3000,0.8,COMPLETE
337,337,0.787878787878788,2021-04-13 17:41:33.117628,2021-04-13 17:41:35.074708,0 days 00:00:01.957080,0.10536536646390608,0.9,0.016444527401963907,0.018,11,1,3000,0.8,COMPLETE
338,338,0.7642276422764227,2021-04-13 17:41:35.075707,2021-04-13 17:41:36.994463,0 days 00:00:01.918756,0.19494994152123943,0.5,0.09519102553653598,0.016,11,7,3000,0.8,COMPLETE
339,339,0.7603305785123966,2021-04-13 17:41:36.995464,2021-04-13 17:41:42.364428,0 days 00:00:05.368964,0.08726931532560545,0.5,0.03640421586884611,0.02,11,19,3000,0.8,COMPLETE
340,340,0.0,2021-04-13 17:41:42.366504,2021-04-13 17:41:44.114945,0 days 00:00:01.748441,0.2654025013569043,0.5,0.009490927270855464,0.01,13,55,3000,0.8,COMPLETE
341,341,0.8,2021-04-13 17:41:44.116946,2021-04-13 17:41:46.846707,0 days 00:00:02.729761,0.071115462781407,0.5,0.05966490579802761,0.016,11,1,3000,0.8,COMPLETE
342,342,0.7679999999999999,2021-04-13 17:41:46.847707,2021-04-13 17:41:48.266273,0 days 00:00:01.418566,0.2260317585167678,0.5,0.051988176154140205,0.02,11,11,3000,0.8,COMPLETE
343,343,0.7669172932330827,2021-04-13 17:41:48.268276,2021-04-13 17:41:50.374513,0 days 00:00:02.106237,0.11024419365445143,1.0,0.02106009252691013,0.016,9,1,3000,0.8,COMPLETE
344,344,0.7479674796747967,2021-04-13 17:41:50.376516,2021-04-13 17:41:52.316207,0 days 00:00:01.939691,0.10568435890527428,0.5,0.027500646315786623,0.016,11,6,3000,0.8,COMPLETE
345,345,0.7642276422764227,2021-04-13 17:41:52.317207,2021-04-13 17:41:54.234038,0 days 00:00:01.916831,0.1590340435970735,0.5,0.0340407437022442,0.02,15,7,3000,0.8,COMPLETE
346,346,0.7603305785123966,2021-04-13 17:41:54.235120,2021-04-13 17:42:00.712302,0 days 00:00:06.477182,0.060165110628667307,0.5,0.041493580255519316,0.02,4,16,3000,0.8,COMPLETE
347,347,0.7941176470588236,2021-04-13 17:42:00.713302,2021-04-13 17:42:03.420533,0 days 00:00:02.707231,0.13709324920063548,0.5,0.021215281915008228,0.016,11,1,3000,0.8,COMPLETE
348,348,0.7751937984496124,2021-04-13 17:42:03.422535,2021-04-13 17:42:04.891963,0 days 00:00:01.469428,0.06357241415696495,0.5,0.06393443679246155,0.02,15,12,3000,0.8,COMPLETE
349,349,0.8,2021-04-13 17:42:04.892964,2021-04-13 17:42:07.626205,0 days 00:00:02.733241,0.12749103491938557,0.5,0.012571143250444127,0.016,11,1,3000,0.8,COMPLETE
350,350,0.7479674796747967,2021-04-13 17:42:07.627205,2021-04-13 17:42:09.529365,0 days 00:00:01.902160,0.13039486772055128,0.5,0.011929594247862912,0.016,11,6,3000,0.8,COMPLETE
351,351,0.7910447761194029,2021-04-13 17:42:09.530365,2021-04-13 17:42:12.821996,0 days 00:00:03.291631,0.21213309956482124,0.5,0.007375573227799581,0.016,15,1,3000,0.7,COMPLETE
352,352,0.7941176470588236,2021-04-13 17:42:12.822997,2021-04-13 17:42:15.245240,0 days 00:00:02.422243,0.1723147588880805,0.8,0.0174588372715888,0.016,15,1,3000,0.8,COMPLETE
353,353,0.7633587786259542,2021-04-13 17:42:15.247240,2021-04-13 17:42:15.824735,0 days 00:00:00.577495,0.2711694795211342,0.5,0.029017404171053363,0.02,11,11,200,0.8,COMPLETE
354,354,0.0,2021-04-13 17:42:15.825734,2021-04-13 17:42:16.074822,0 days 00:00:00.249088,0.08853131430264577,0.5,0.01467321792557453,0.016,11,247,3000,0.8,COMPLETE
355,355,0.7603305785123966,2021-04-13 17:42:16.075822,2021-04-13 17:42:22.227819,0 days 00:00:06.151997,0.09862220812850245,0.5,0.03219106671750494,0.02,11,18,3000,0.8,COMPLETE
356,356,0.7580645161290324,2021-04-13 17:42:22.228820,2021-04-13 17:42:24.296685,0 days 00:00:02.067865,0.07445970285780341,0.5,0.06601964726403131,0.016,15,6,3000,0.8,COMPLETE
357,357,0.7479674796747967,2021-04-13 17:42:24.298688,2021-04-13 17:42:26.213743,0 days 00:00:01.915055,0.05728544508959834,0.5,0.08700478387480727,0.016,11,6,3000,0.8,COMPLETE
358,358,0.7751937984496124,2021-04-13 17:42:26.214814,2021-04-13 17:42:27.715303,0 days 00:00:01.500489,0.04947937216964797,0.5,0.025417709491363353,0.016,11,12,3000,0.8,COMPLETE
359,359,0.8,2021-04-13 17:42:27.716303,2021-04-13 17:42:30.402692,0 days 00:00:02.686389,0.11658744649820234,0.5,0.001432472941925826,0.016,11,1,3000,0.8,COMPLETE
360,360,0.8,2021-04-13 17:42:30.404785,2021-04-13 17:42:32.980832,0 days 00:00:02.576047,0.07705612138835402,0.5,0.046024865137330236,0.02,11,1,3000,0.8,COMPLETE
361,361,0.7819548872180452,2021-04-13 17:42:32.981833,2021-04-13 17:42:36.924410,0 days 00:00:03.942577,0.2185461581452684,0.5,0.0020102670826144912,0.014,11,1,3000,1.0,COMPLETE
362,362,0.6779661016949153,2021-04-13 17:42:36.925514,2021-04-13 17:42:37.334279,0 days 00:00:00.408765,0.1768947593243218,0.5,0.037094209335734714,0.009,11,22,150,0.8,COMPLETE
363,363,0.7580645161290324,2021-04-13 17:42:37.335354,2021-04-13 17:42:38.912385,0 days 00:00:01.577031,0.06840870428733532,0.5,0.04872676115630579,0.02,5,8,3000,0.8,COMPLETE
364,364,0.7642276422764227,2021-04-13 17:42:38.913385,2021-04-13 17:42:46.408893,0 days 00:00:07.495508,0.08493814513291242,0.5,0.0015907252194735243,0.01,11,15,3000,0.8,COMPLETE
365,365,0.7941176470588236,2021-04-13 17:42:46.410895,2021-04-13 17:42:49.388259,0 days 00:00:02.977364,0.1525413839272797,0.7,0.0010228554961378557,0.016,11,1,3000,0.8,COMPLETE
366,366,0.0,2021-04-13 17:42:49.389259,2021-04-13 17:42:49.644332,0 days 00:00:00.255073,0.15426330602790106,0.5,0.01101930602652924,0.012,11,184,3000,0.8,COMPLETE
367,367,0.7479674796747967,2021-04-13 17:42:49.645402,2021-04-13 17:42:51.848105,0 days 00:00:02.202703,0.2644011290352145,0.5,0.009725144131130995,0.02,17,7,3000,0.8,COMPLETE
368,368,0.7910447761194029,2021-04-13 17:42:51.849106,2021-04-13 17:42:54.605724,0 days 00:00:02.756618,0.0737064362164144,0.5,0.05492573041220354,0.016,11,1,3000,0.8,COMPLETE
369,369,0.7716535433070866,2021-04-13 17:42:54.607726,2021-04-13 17:42:56.214081,0 days 00:00:01.606355,0.12411231009220651,0.5,0.014504488377149198,0.016,11,11,3000,0.8,COMPLETE
370,370,0.785185185185185,2021-04-13 17:42:56.216179,2021-04-13 17:42:59.470359,0 days 00:00:03.254180,0.09889884168684789,0.5,0.001407683973951034,0.016,11,1,3000,0.8,COMPLETE
371,371,0.7479674796747967,2021-04-13 17:42:59.472361,2021-04-13 17:43:01.353120,0 days 00:00:01.880759,0.09052889733144925,0.5,0.023620626940313565,0.016,13,6,3000,0.8,COMPLETE
372,372,0.7666666666666666,2021-04-13 17:43:01.354120,2021-04-13 17:43:04.395216,0 days 00:00:03.041096,0.1338615338664858,0.9,0.07131807450095094,0.016,11,15,3000,0.8,COMPLETE
373,373,0.761904761904762,2021-04-13 17:43:04.396215,2021-04-13 17:43:06.782554,0 days 00:00:02.386339,0.2009302722316933,0.5,0.018933664859419178,0.016,15,6,3000,0.8,COMPLETE
374,374,0.785185185185185,2021-04-13 17:43:06.784646,2021-04-13 17:43:10.438883,0 days 00:00:03.654237,0.06752178364211242,0.5,0.01699000629156254,0.016,11,1,3000,0.8,COMPLETE
375,375,0.7580645161290324,2021-04-13 17:43:10.439884,2021-04-13 17:43:12.012723,0 days 00:00:01.572839,0.11576824949759569,0.5,0.020607579392768745,0.018,11,10,3000,0.8,COMPLETE
